Simulator report for Decodificador_74LS138
Wed Dec 10 21:26:32 2025
Quartus II Version 9.1 Build 350 03/24/2010 Service Pack 2 SJ Web Edition


---------------------
; Table of Contents ;
---------------------
  1. Legal Notice
  2. Simulator Summary
  3. Simulator Settings
  4. Simulation Waveforms
  5. Coverage Summary
  6. Complete 1/0-Value Coverage
  7. Missing 1-Value Coverage
  8. Missing 0-Value Coverage
  9. Simulator INI Usage
 10. Simulator Messages



----------------
; Legal Notice ;
----------------
Copyright (C) 1991-2010 Altera Corporation
Your use of Altera Corporation's design tools, logic functions 
and other software and tools, and its AMPP partner logic 
functions, and any output files from any of the foregoing 
(including device programming or simulation files), and any 
associated documentation or information are expressly subject 
to the terms and conditions of the Altera Program License 
Subscription Agreement, Altera MegaCore Function License 
Agreement, or other applicable license agreement, including, 
without limitation, that your use is for the sole purpose of 
programming logic devices manufactured by Altera and sold by 
Altera or its authorized distributors.  Please refer to the 
applicable agreement for further details.



+--------------------------------------------+
; Simulator Summary                          ;
+-----------------------------+--------------+
; Type                        ; Value        ;
+-----------------------------+--------------+
; Simulation Start Time       ; 0 ps         ;
; Simulation End Time         ; 1.0 us       ;
; Simulation Netlist Size     ; 391 nodes    ;
; Simulation Coverage         ;      85.42 % ;
; Total Number of Transitions ; 2648         ;
; Simulation Breakpoints      ; 0            ;
; Family                      ; Cyclone II   ;
+-----------------------------+--------------+


+-------------------------------------------------------------------------------------------------------------------------+
; Simulator Settings                                                                                                      ;
+--------------------------------------------------------------------------------------------+------------+---------------+
; Option                                                                                     ; Setting    ; Default Value ;
+--------------------------------------------------------------------------------------------+------------+---------------+
; Simulation mode                                                                            ; Functional ; Timing        ;
; Start time                                                                                 ; 0 ns       ; 0 ns          ;
; Simulation results format                                                                  ; CVWF       ;               ;
; Add pins automatically to simulation output waveforms                                      ; On         ; On            ;
; Check outputs                                                                              ; Off        ; Off           ;
; Report simulation coverage                                                                 ; On         ; On            ;
; Display complete 1/0 value coverage report                                                 ; On         ; On            ;
; Display missing 1-value coverage report                                                    ; On         ; On            ;
; Display missing 0-value coverage report                                                    ; On         ; On            ;
; Detect setup and hold time violations                                                      ; Off        ; Off           ;
; Detect glitches                                                                            ; Off        ; Off           ;
; Disable timing delays in Timing Simulation                                                 ; Off        ; Off           ;
; Generate Signal Activity File                                                              ; Off        ; Off           ;
; Generate VCD File for PowerPlay Power Analyzer                                             ; Off        ; Off           ;
; Group bus channels in simulation results                                                   ; Off        ; Off           ;
; Preserve fewer signal transitions to reduce memory requirements                            ; On         ; On            ;
; Trigger vector comparison with the specified mode                                          ; INPUT_EDGE ; INPUT_EDGE    ;
; Disable setup and hold time violations detection in input registers of bi-directional pins ; Off        ; Off           ;
; Overwrite Waveform Inputs With Simulation Outputs                                          ; On         ;               ;
; Perform Glitch Filtering in Timing Simulation                                              ; Auto       ; Auto          ;
+--------------------------------------------------------------------------------------------+------------+---------------+


+----------------------+
; Simulation Waveforms ;
+----------------------+
Waveform report data cannot be output to ASCII.
Please use Quartus II to view the waveform report data.


+--------------------------------------------------------------------+
; Coverage Summary                                                   ;
+-----------------------------------------------------+--------------+
; Type                                                ; Value        ;
+-----------------------------------------------------+--------------+
; Total coverage as a percentage                      ;      85.42 % ;
; Total nodes checked                                 ; 391          ;
; Total output ports checked                          ; 391          ;
; Total output ports with complete 1/0-value coverage ; 334          ;
; Total output ports with no 1/0-value coverage       ; 55           ;
; Total output ports with no 1-value coverage         ; 55           ;
; Total output ports with no 0-value coverage         ; 57           ;
+-----------------------------------------------------+--------------+


The following table displays output ports that toggle between 1 and 0 during simulation.
+------------------------------------------------------------------------------------------------------------------------------------------------------------------------------+
; Complete 1/0-Value Coverage                                                                                                                                                  ;
+-----------------------------------------------------------------------------+-----------------------------------------------------------------------------+------------------+
; Node Name                                                                   ; Output Port Name                                                            ; Output Port Type ;
+-----------------------------------------------------------------------------+-----------------------------------------------------------------------------+------------------+
; |Decodificador_74LS138|O~0                                                  ; |Decodificador_74LS138|O~0                                                  ; out              ;
; |Decodificador_74LS138|O~1                                                  ; |Decodificador_74LS138|O~1                                                  ; out              ;
; |Decodificador_74LS138|O~2                                                  ; |Decodificador_74LS138|O~2                                                  ; out              ;
; |Decodificador_74LS138|O~3                                                  ; |Decodificador_74LS138|O~3                                                  ; out              ;
; |Decodificador_74LS138|O~4                                                  ; |Decodificador_74LS138|O~4                                                  ; out              ;
; |Decodificador_74LS138|O~5                                                  ; |Decodificador_74LS138|O~5                                                  ; out              ;
; |Decodificador_74LS138|O~6                                                  ; |Decodificador_74LS138|O~6                                                  ; out              ;
; |Decodificador_74LS138|O~7                                                  ; |Decodificador_74LS138|O~7                                                  ; out              ;
; |Decodificador_74LS138|E[1]                                                 ; |Decodificador_74LS138|E[1]                                                 ; out              ;
; |Decodificador_74LS138|A[0]                                                 ; |Decodificador_74LS138|A[0]                                                 ; out              ;
; |Decodificador_74LS138|A[1]                                                 ; |Decodificador_74LS138|A[1]                                                 ; out              ;
; |Decodificador_74LS138|A[2]                                                 ; |Decodificador_74LS138|A[2]                                                 ; out              ;
; |Decodificador_74LS138|O[0]                                                 ; |Decodificador_74LS138|O[0]                                                 ; pin_out          ;
; |Decodificador_74LS138|O[1]                                                 ; |Decodificador_74LS138|O[1]                                                 ; pin_out          ;
; |Decodificador_74LS138|O[2]                                                 ; |Decodificador_74LS138|O[2]                                                 ; pin_out          ;
; |Decodificador_74LS138|O[3]                                                 ; |Decodificador_74LS138|O[3]                                                 ; pin_out          ;
; |Decodificador_74LS138|O[4]                                                 ; |Decodificador_74LS138|O[4]                                                 ; pin_out          ;
; |Decodificador_74LS138|O[5]                                                 ; |Decodificador_74LS138|O[5]                                                 ; pin_out          ;
; |Decodificador_74LS138|O[6]                                                 ; |Decodificador_74LS138|O[6]                                                 ; pin_out          ;
; |Decodificador_74LS138|O[7]                                                 ; |Decodificador_74LS138|O[7]                                                 ; pin_out          ;
; |Decodificador_74LS138|lpm_mux:Mux7|mux_3nc:auto_generated|_~0              ; |Decodificador_74LS138|lpm_mux:Mux7|mux_3nc:auto_generated|_~0              ; out0             ;
; |Decodificador_74LS138|lpm_mux:Mux7|mux_3nc:auto_generated|_~1              ; |Decodificador_74LS138|lpm_mux:Mux7|mux_3nc:auto_generated|_~1              ; out0             ;
; |Decodificador_74LS138|lpm_mux:Mux7|mux_3nc:auto_generated|_~2              ; |Decodificador_74LS138|lpm_mux:Mux7|mux_3nc:auto_generated|_~2              ; out0             ;
; |Decodificador_74LS138|lpm_mux:Mux7|mux_3nc:auto_generated|_~3              ; |Decodificador_74LS138|lpm_mux:Mux7|mux_3nc:auto_generated|_~3              ; out0             ;
; |Decodificador_74LS138|lpm_mux:Mux7|mux_3nc:auto_generated|_~4              ; |Decodificador_74LS138|lpm_mux:Mux7|mux_3nc:auto_generated|_~4              ; out0             ;
; |Decodificador_74LS138|lpm_mux:Mux7|mux_3nc:auto_generated|_~6              ; |Decodificador_74LS138|lpm_mux:Mux7|mux_3nc:auto_generated|_~6              ; out0             ;
; |Decodificador_74LS138|lpm_mux:Mux7|mux_3nc:auto_generated|_~7              ; |Decodificador_74LS138|lpm_mux:Mux7|mux_3nc:auto_generated|_~7              ; out0             ;
; |Decodificador_74LS138|lpm_mux:Mux7|mux_3nc:auto_generated|_~8              ; |Decodificador_74LS138|lpm_mux:Mux7|mux_3nc:auto_generated|_~8              ; out0             ;
; |Decodificador_74LS138|lpm_mux:Mux7|mux_3nc:auto_generated|_~9              ; |Decodificador_74LS138|lpm_mux:Mux7|mux_3nc:auto_generated|_~9              ; out0             ;
; |Decodificador_74LS138|lpm_mux:Mux7|mux_3nc:auto_generated|_~10             ; |Decodificador_74LS138|lpm_mux:Mux7|mux_3nc:auto_generated|_~10             ; out0             ;
; |Decodificador_74LS138|lpm_mux:Mux7|mux_3nc:auto_generated|_~11             ; |Decodificador_74LS138|lpm_mux:Mux7|mux_3nc:auto_generated|_~11             ; out0             ;
; |Decodificador_74LS138|lpm_mux:Mux7|mux_3nc:auto_generated|_~12             ; |Decodificador_74LS138|lpm_mux:Mux7|mux_3nc:auto_generated|_~12             ; out0             ;
; |Decodificador_74LS138|lpm_mux:Mux7|mux_3nc:auto_generated|_~13             ; |Decodificador_74LS138|lpm_mux:Mux7|mux_3nc:auto_generated|_~13             ; out0             ;
; |Decodificador_74LS138|lpm_mux:Mux7|mux_3nc:auto_generated|_~15             ; |Decodificador_74LS138|lpm_mux:Mux7|mux_3nc:auto_generated|_~15             ; out0             ;
; |Decodificador_74LS138|lpm_mux:Mux7|mux_3nc:auto_generated|_~16             ; |Decodificador_74LS138|lpm_mux:Mux7|mux_3nc:auto_generated|_~16             ; out0             ;
; |Decodificador_74LS138|lpm_mux:Mux7|mux_3nc:auto_generated|_~17             ; |Decodificador_74LS138|lpm_mux:Mux7|mux_3nc:auto_generated|_~17             ; out0             ;
; |Decodificador_74LS138|lpm_mux:Mux7|mux_3nc:auto_generated|_~19             ; |Decodificador_74LS138|lpm_mux:Mux7|mux_3nc:auto_generated|_~19             ; out0             ;
; |Decodificador_74LS138|lpm_mux:Mux7|mux_3nc:auto_generated|_~20             ; |Decodificador_74LS138|lpm_mux:Mux7|mux_3nc:auto_generated|_~20             ; out0             ;
; |Decodificador_74LS138|lpm_mux:Mux7|mux_3nc:auto_generated|result_node[0]~0 ; |Decodificador_74LS138|lpm_mux:Mux7|mux_3nc:auto_generated|result_node[0]~0 ; out0             ;
; |Decodificador_74LS138|lpm_mux:Mux7|mux_3nc:auto_generated|_~21             ; |Decodificador_74LS138|lpm_mux:Mux7|mux_3nc:auto_generated|_~21             ; out0             ;
; |Decodificador_74LS138|lpm_mux:Mux7|mux_3nc:auto_generated|_~22             ; |Decodificador_74LS138|lpm_mux:Mux7|mux_3nc:auto_generated|_~22             ; out0             ;
; |Decodificador_74LS138|lpm_mux:Mux7|mux_3nc:auto_generated|_~23             ; |Decodificador_74LS138|lpm_mux:Mux7|mux_3nc:auto_generated|_~23             ; out0             ;
; |Decodificador_74LS138|lpm_mux:Mux7|mux_3nc:auto_generated|_~25             ; |Decodificador_74LS138|lpm_mux:Mux7|mux_3nc:auto_generated|_~25             ; out0             ;
; |Decodificador_74LS138|lpm_mux:Mux7|mux_3nc:auto_generated|_~28             ; |Decodificador_74LS138|lpm_mux:Mux7|mux_3nc:auto_generated|_~28             ; out0             ;
; |Decodificador_74LS138|lpm_mux:Mux7|mux_3nc:auto_generated|_~29             ; |Decodificador_74LS138|lpm_mux:Mux7|mux_3nc:auto_generated|_~29             ; out0             ;
; |Decodificador_74LS138|lpm_mux:Mux7|mux_3nc:auto_generated|_~30             ; |Decodificador_74LS138|lpm_mux:Mux7|mux_3nc:auto_generated|_~30             ; out0             ;
; |Decodificador_74LS138|lpm_mux:Mux7|mux_3nc:auto_generated|_~31             ; |Decodificador_74LS138|lpm_mux:Mux7|mux_3nc:auto_generated|_~31             ; out0             ;
; |Decodificador_74LS138|lpm_mux:Mux7|mux_3nc:auto_generated|_~32             ; |Decodificador_74LS138|lpm_mux:Mux7|mux_3nc:auto_generated|_~32             ; out0             ;
; |Decodificador_74LS138|lpm_mux:Mux7|mux_3nc:auto_generated|_~34             ; |Decodificador_74LS138|lpm_mux:Mux7|mux_3nc:auto_generated|_~34             ; out0             ;
; |Decodificador_74LS138|lpm_mux:Mux7|mux_3nc:auto_generated|_~37             ; |Decodificador_74LS138|lpm_mux:Mux7|mux_3nc:auto_generated|_~37             ; out0             ;
; |Decodificador_74LS138|lpm_mux:Mux7|mux_3nc:auto_generated|_~38             ; |Decodificador_74LS138|lpm_mux:Mux7|mux_3nc:auto_generated|_~38             ; out0             ;
; |Decodificador_74LS138|lpm_mux:Mux7|mux_3nc:auto_generated|_~39             ; |Decodificador_74LS138|lpm_mux:Mux7|mux_3nc:auto_generated|_~39             ; out0             ;
; |Decodificador_74LS138|lpm_mux:Mux7|mux_3nc:auto_generated|_~41             ; |Decodificador_74LS138|lpm_mux:Mux7|mux_3nc:auto_generated|_~41             ; out0             ;
; |Decodificador_74LS138|lpm_mux:Mux7|mux_3nc:auto_generated|_~42             ; |Decodificador_74LS138|lpm_mux:Mux7|mux_3nc:auto_generated|_~42             ; out0             ;
; |Decodificador_74LS138|lpm_mux:Mux7|mux_3nc:auto_generated|result_node[0]~1 ; |Decodificador_74LS138|lpm_mux:Mux7|mux_3nc:auto_generated|result_node[0]~1 ; out0             ;
; |Decodificador_74LS138|lpm_mux:Mux7|mux_3nc:auto_generated|result_node[0]   ; |Decodificador_74LS138|lpm_mux:Mux7|mux_3nc:auto_generated|result_node[0]   ; out0             ;
; |Decodificador_74LS138|lpm_mux:Mux6|mux_3nc:auto_generated|_~0              ; |Decodificador_74LS138|lpm_mux:Mux6|mux_3nc:auto_generated|_~0              ; out0             ;
; |Decodificador_74LS138|lpm_mux:Mux6|mux_3nc:auto_generated|_~1              ; |Decodificador_74LS138|lpm_mux:Mux6|mux_3nc:auto_generated|_~1              ; out0             ;
; |Decodificador_74LS138|lpm_mux:Mux6|mux_3nc:auto_generated|_~2              ; |Decodificador_74LS138|lpm_mux:Mux6|mux_3nc:auto_generated|_~2              ; out0             ;
; |Decodificador_74LS138|lpm_mux:Mux6|mux_3nc:auto_generated|_~3              ; |Decodificador_74LS138|lpm_mux:Mux6|mux_3nc:auto_generated|_~3              ; out0             ;
; |Decodificador_74LS138|lpm_mux:Mux6|mux_3nc:auto_generated|_~4              ; |Decodificador_74LS138|lpm_mux:Mux6|mux_3nc:auto_generated|_~4              ; out0             ;
; |Decodificador_74LS138|lpm_mux:Mux6|mux_3nc:auto_generated|_~6              ; |Decodificador_74LS138|lpm_mux:Mux6|mux_3nc:auto_generated|_~6              ; out0             ;
; |Decodificador_74LS138|lpm_mux:Mux6|mux_3nc:auto_generated|_~7              ; |Decodificador_74LS138|lpm_mux:Mux6|mux_3nc:auto_generated|_~7              ; out0             ;
; |Decodificador_74LS138|lpm_mux:Mux6|mux_3nc:auto_generated|_~8              ; |Decodificador_74LS138|lpm_mux:Mux6|mux_3nc:auto_generated|_~8              ; out0             ;
; |Decodificador_74LS138|lpm_mux:Mux6|mux_3nc:auto_generated|_~9              ; |Decodificador_74LS138|lpm_mux:Mux6|mux_3nc:auto_generated|_~9              ; out0             ;
; |Decodificador_74LS138|lpm_mux:Mux6|mux_3nc:auto_generated|_~10             ; |Decodificador_74LS138|lpm_mux:Mux6|mux_3nc:auto_generated|_~10             ; out0             ;
; |Decodificador_74LS138|lpm_mux:Mux6|mux_3nc:auto_generated|_~11             ; |Decodificador_74LS138|lpm_mux:Mux6|mux_3nc:auto_generated|_~11             ; out0             ;
; |Decodificador_74LS138|lpm_mux:Mux6|mux_3nc:auto_generated|_~12             ; |Decodificador_74LS138|lpm_mux:Mux6|mux_3nc:auto_generated|_~12             ; out0             ;
; |Decodificador_74LS138|lpm_mux:Mux6|mux_3nc:auto_generated|_~13             ; |Decodificador_74LS138|lpm_mux:Mux6|mux_3nc:auto_generated|_~13             ; out0             ;
; |Decodificador_74LS138|lpm_mux:Mux6|mux_3nc:auto_generated|_~15             ; |Decodificador_74LS138|lpm_mux:Mux6|mux_3nc:auto_generated|_~15             ; out0             ;
; |Decodificador_74LS138|lpm_mux:Mux6|mux_3nc:auto_generated|_~16             ; |Decodificador_74LS138|lpm_mux:Mux6|mux_3nc:auto_generated|_~16             ; out0             ;
; |Decodificador_74LS138|lpm_mux:Mux6|mux_3nc:auto_generated|_~17             ; |Decodificador_74LS138|lpm_mux:Mux6|mux_3nc:auto_generated|_~17             ; out0             ;
; |Decodificador_74LS138|lpm_mux:Mux6|mux_3nc:auto_generated|_~19             ; |Decodificador_74LS138|lpm_mux:Mux6|mux_3nc:auto_generated|_~19             ; out0             ;
; |Decodificador_74LS138|lpm_mux:Mux6|mux_3nc:auto_generated|_~20             ; |Decodificador_74LS138|lpm_mux:Mux6|mux_3nc:auto_generated|_~20             ; out0             ;
; |Decodificador_74LS138|lpm_mux:Mux6|mux_3nc:auto_generated|result_node[0]~0 ; |Decodificador_74LS138|lpm_mux:Mux6|mux_3nc:auto_generated|result_node[0]~0 ; out0             ;
; |Decodificador_74LS138|lpm_mux:Mux6|mux_3nc:auto_generated|_~21             ; |Decodificador_74LS138|lpm_mux:Mux6|mux_3nc:auto_generated|_~21             ; out0             ;
; |Decodificador_74LS138|lpm_mux:Mux6|mux_3nc:auto_generated|_~23             ; |Decodificador_74LS138|lpm_mux:Mux6|mux_3nc:auto_generated|_~23             ; out0             ;
; |Decodificador_74LS138|lpm_mux:Mux6|mux_3nc:auto_generated|_~24             ; |Decodificador_74LS138|lpm_mux:Mux6|mux_3nc:auto_generated|_~24             ; out0             ;
; |Decodificador_74LS138|lpm_mux:Mux6|mux_3nc:auto_generated|_~25             ; |Decodificador_74LS138|lpm_mux:Mux6|mux_3nc:auto_generated|_~25             ; out0             ;
; |Decodificador_74LS138|lpm_mux:Mux6|mux_3nc:auto_generated|_~26             ; |Decodificador_74LS138|lpm_mux:Mux6|mux_3nc:auto_generated|_~26             ; out0             ;
; |Decodificador_74LS138|lpm_mux:Mux6|mux_3nc:auto_generated|_~28             ; |Decodificador_74LS138|lpm_mux:Mux6|mux_3nc:auto_generated|_~28             ; out0             ;
; |Decodificador_74LS138|lpm_mux:Mux6|mux_3nc:auto_generated|_~29             ; |Decodificador_74LS138|lpm_mux:Mux6|mux_3nc:auto_generated|_~29             ; out0             ;
; |Decodificador_74LS138|lpm_mux:Mux6|mux_3nc:auto_generated|_~30             ; |Decodificador_74LS138|lpm_mux:Mux6|mux_3nc:auto_generated|_~30             ; out0             ;
; |Decodificador_74LS138|lpm_mux:Mux6|mux_3nc:auto_generated|_~32             ; |Decodificador_74LS138|lpm_mux:Mux6|mux_3nc:auto_generated|_~32             ; out0             ;
; |Decodificador_74LS138|lpm_mux:Mux6|mux_3nc:auto_generated|_~33             ; |Decodificador_74LS138|lpm_mux:Mux6|mux_3nc:auto_generated|_~33             ; out0             ;
; |Decodificador_74LS138|lpm_mux:Mux6|mux_3nc:auto_generated|_~34             ; |Decodificador_74LS138|lpm_mux:Mux6|mux_3nc:auto_generated|_~34             ; out0             ;
; |Decodificador_74LS138|lpm_mux:Mux6|mux_3nc:auto_generated|_~35             ; |Decodificador_74LS138|lpm_mux:Mux6|mux_3nc:auto_generated|_~35             ; out0             ;
; |Decodificador_74LS138|lpm_mux:Mux6|mux_3nc:auto_generated|_~37             ; |Decodificador_74LS138|lpm_mux:Mux6|mux_3nc:auto_generated|_~37             ; out0             ;
; |Decodificador_74LS138|lpm_mux:Mux6|mux_3nc:auto_generated|_~38             ; |Decodificador_74LS138|lpm_mux:Mux6|mux_3nc:auto_generated|_~38             ; out0             ;
; |Decodificador_74LS138|lpm_mux:Mux6|mux_3nc:auto_generated|_~39             ; |Decodificador_74LS138|lpm_mux:Mux6|mux_3nc:auto_generated|_~39             ; out0             ;
; |Decodificador_74LS138|lpm_mux:Mux6|mux_3nc:auto_generated|_~41             ; |Decodificador_74LS138|lpm_mux:Mux6|mux_3nc:auto_generated|_~41             ; out0             ;
; |Decodificador_74LS138|lpm_mux:Mux6|mux_3nc:auto_generated|_~42             ; |Decodificador_74LS138|lpm_mux:Mux6|mux_3nc:auto_generated|_~42             ; out0             ;
; |Decodificador_74LS138|lpm_mux:Mux6|mux_3nc:auto_generated|result_node[0]~1 ; |Decodificador_74LS138|lpm_mux:Mux6|mux_3nc:auto_generated|result_node[0]~1 ; out0             ;
; |Decodificador_74LS138|lpm_mux:Mux6|mux_3nc:auto_generated|result_node[0]   ; |Decodificador_74LS138|lpm_mux:Mux6|mux_3nc:auto_generated|result_node[0]   ; out0             ;
; |Decodificador_74LS138|lpm_mux:Mux5|mux_3nc:auto_generated|_~0              ; |Decodificador_74LS138|lpm_mux:Mux5|mux_3nc:auto_generated|_~0              ; out0             ;
; |Decodificador_74LS138|lpm_mux:Mux5|mux_3nc:auto_generated|_~1              ; |Decodificador_74LS138|lpm_mux:Mux5|mux_3nc:auto_generated|_~1              ; out0             ;
; |Decodificador_74LS138|lpm_mux:Mux5|mux_3nc:auto_generated|_~2              ; |Decodificador_74LS138|lpm_mux:Mux5|mux_3nc:auto_generated|_~2              ; out0             ;
; |Decodificador_74LS138|lpm_mux:Mux5|mux_3nc:auto_generated|_~3              ; |Decodificador_74LS138|lpm_mux:Mux5|mux_3nc:auto_generated|_~3              ; out0             ;
; |Decodificador_74LS138|lpm_mux:Mux5|mux_3nc:auto_generated|_~4              ; |Decodificador_74LS138|lpm_mux:Mux5|mux_3nc:auto_generated|_~4              ; out0             ;
; |Decodificador_74LS138|lpm_mux:Mux5|mux_3nc:auto_generated|_~6              ; |Decodificador_74LS138|lpm_mux:Mux5|mux_3nc:auto_generated|_~6              ; out0             ;
; |Decodificador_74LS138|lpm_mux:Mux5|mux_3nc:auto_generated|_~7              ; |Decodificador_74LS138|lpm_mux:Mux5|mux_3nc:auto_generated|_~7              ; out0             ;
; |Decodificador_74LS138|lpm_mux:Mux5|mux_3nc:auto_generated|_~8              ; |Decodificador_74LS138|lpm_mux:Mux5|mux_3nc:auto_generated|_~8              ; out0             ;
; |Decodificador_74LS138|lpm_mux:Mux5|mux_3nc:auto_generated|_~9              ; |Decodificador_74LS138|lpm_mux:Mux5|mux_3nc:auto_generated|_~9              ; out0             ;
; |Decodificador_74LS138|lpm_mux:Mux5|mux_3nc:auto_generated|_~10             ; |Decodificador_74LS138|lpm_mux:Mux5|mux_3nc:auto_generated|_~10             ; out0             ;
; |Decodificador_74LS138|lpm_mux:Mux5|mux_3nc:auto_generated|_~11             ; |Decodificador_74LS138|lpm_mux:Mux5|mux_3nc:auto_generated|_~11             ; out0             ;
; |Decodificador_74LS138|lpm_mux:Mux5|mux_3nc:auto_generated|_~12             ; |Decodificador_74LS138|lpm_mux:Mux5|mux_3nc:auto_generated|_~12             ; out0             ;
; |Decodificador_74LS138|lpm_mux:Mux5|mux_3nc:auto_generated|_~13             ; |Decodificador_74LS138|lpm_mux:Mux5|mux_3nc:auto_generated|_~13             ; out0             ;
; |Decodificador_74LS138|lpm_mux:Mux5|mux_3nc:auto_generated|_~15             ; |Decodificador_74LS138|lpm_mux:Mux5|mux_3nc:auto_generated|_~15             ; out0             ;
; |Decodificador_74LS138|lpm_mux:Mux5|mux_3nc:auto_generated|_~16             ; |Decodificador_74LS138|lpm_mux:Mux5|mux_3nc:auto_generated|_~16             ; out0             ;
; |Decodificador_74LS138|lpm_mux:Mux5|mux_3nc:auto_generated|_~17             ; |Decodificador_74LS138|lpm_mux:Mux5|mux_3nc:auto_generated|_~17             ; out0             ;
; |Decodificador_74LS138|lpm_mux:Mux5|mux_3nc:auto_generated|_~19             ; |Decodificador_74LS138|lpm_mux:Mux5|mux_3nc:auto_generated|_~19             ; out0             ;
; |Decodificador_74LS138|lpm_mux:Mux5|mux_3nc:auto_generated|_~20             ; |Decodificador_74LS138|lpm_mux:Mux5|mux_3nc:auto_generated|_~20             ; out0             ;
; |Decodificador_74LS138|lpm_mux:Mux5|mux_3nc:auto_generated|result_node[0]~0 ; |Decodificador_74LS138|lpm_mux:Mux5|mux_3nc:auto_generated|result_node[0]~0 ; out0             ;
; |Decodificador_74LS138|lpm_mux:Mux5|mux_3nc:auto_generated|_~21             ; |Decodificador_74LS138|lpm_mux:Mux5|mux_3nc:auto_generated|_~21             ; out0             ;
; |Decodificador_74LS138|lpm_mux:Mux5|mux_3nc:auto_generated|_~22             ; |Decodificador_74LS138|lpm_mux:Mux5|mux_3nc:auto_generated|_~22             ; out0             ;
; |Decodificador_74LS138|lpm_mux:Mux5|mux_3nc:auto_generated|_~23             ; |Decodificador_74LS138|lpm_mux:Mux5|mux_3nc:auto_generated|_~23             ; out0             ;
; |Decodificador_74LS138|lpm_mux:Mux5|mux_3nc:auto_generated|_~24             ; |Decodificador_74LS138|lpm_mux:Mux5|mux_3nc:auto_generated|_~24             ; out0             ;
; |Decodificador_74LS138|lpm_mux:Mux5|mux_3nc:auto_generated|_~25             ; |Decodificador_74LS138|lpm_mux:Mux5|mux_3nc:auto_generated|_~25             ; out0             ;
; |Decodificador_74LS138|lpm_mux:Mux5|mux_3nc:auto_generated|_~26             ; |Decodificador_74LS138|lpm_mux:Mux5|mux_3nc:auto_generated|_~26             ; out0             ;
; |Decodificador_74LS138|lpm_mux:Mux5|mux_3nc:auto_generated|_~27             ; |Decodificador_74LS138|lpm_mux:Mux5|mux_3nc:auto_generated|_~27             ; out0             ;
; |Decodificador_74LS138|lpm_mux:Mux5|mux_3nc:auto_generated|_~28             ; |Decodificador_74LS138|lpm_mux:Mux5|mux_3nc:auto_generated|_~28             ; out0             ;
; |Decodificador_74LS138|lpm_mux:Mux5|mux_3nc:auto_generated|_~29             ; |Decodificador_74LS138|lpm_mux:Mux5|mux_3nc:auto_generated|_~29             ; out0             ;
; |Decodificador_74LS138|lpm_mux:Mux5|mux_3nc:auto_generated|_~30             ; |Decodificador_74LS138|lpm_mux:Mux5|mux_3nc:auto_generated|_~30             ; out0             ;
; |Decodificador_74LS138|lpm_mux:Mux5|mux_3nc:auto_generated|_~31             ; |Decodificador_74LS138|lpm_mux:Mux5|mux_3nc:auto_generated|_~31             ; out0             ;
; |Decodificador_74LS138|lpm_mux:Mux5|mux_3nc:auto_generated|_~32             ; |Decodificador_74LS138|lpm_mux:Mux5|mux_3nc:auto_generated|_~32             ; out0             ;
; |Decodificador_74LS138|lpm_mux:Mux5|mux_3nc:auto_generated|_~33             ; |Decodificador_74LS138|lpm_mux:Mux5|mux_3nc:auto_generated|_~33             ; out0             ;
; |Decodificador_74LS138|lpm_mux:Mux5|mux_3nc:auto_generated|_~34             ; |Decodificador_74LS138|lpm_mux:Mux5|mux_3nc:auto_generated|_~34             ; out0             ;
; |Decodificador_74LS138|lpm_mux:Mux5|mux_3nc:auto_generated|_~35             ; |Decodificador_74LS138|lpm_mux:Mux5|mux_3nc:auto_generated|_~35             ; out0             ;
; |Decodificador_74LS138|lpm_mux:Mux5|mux_3nc:auto_generated|_~36             ; |Decodificador_74LS138|lpm_mux:Mux5|mux_3nc:auto_generated|_~36             ; out0             ;
; |Decodificador_74LS138|lpm_mux:Mux5|mux_3nc:auto_generated|_~37             ; |Decodificador_74LS138|lpm_mux:Mux5|mux_3nc:auto_generated|_~37             ; out0             ;
; |Decodificador_74LS138|lpm_mux:Mux5|mux_3nc:auto_generated|_~38             ; |Decodificador_74LS138|lpm_mux:Mux5|mux_3nc:auto_generated|_~38             ; out0             ;
; |Decodificador_74LS138|lpm_mux:Mux5|mux_3nc:auto_generated|_~39             ; |Decodificador_74LS138|lpm_mux:Mux5|mux_3nc:auto_generated|_~39             ; out0             ;
; |Decodificador_74LS138|lpm_mux:Mux5|mux_3nc:auto_generated|_~41             ; |Decodificador_74LS138|lpm_mux:Mux5|mux_3nc:auto_generated|_~41             ; out0             ;
; |Decodificador_74LS138|lpm_mux:Mux5|mux_3nc:auto_generated|_~42             ; |Decodificador_74LS138|lpm_mux:Mux5|mux_3nc:auto_generated|_~42             ; out0             ;
; |Decodificador_74LS138|lpm_mux:Mux5|mux_3nc:auto_generated|result_node[0]~1 ; |Decodificador_74LS138|lpm_mux:Mux5|mux_3nc:auto_generated|result_node[0]~1 ; out0             ;
; |Decodificador_74LS138|lpm_mux:Mux5|mux_3nc:auto_generated|result_node[0]   ; |Decodificador_74LS138|lpm_mux:Mux5|mux_3nc:auto_generated|result_node[0]   ; out0             ;
; |Decodificador_74LS138|lpm_mux:Mux4|mux_3nc:auto_generated|_~0              ; |Decodificador_74LS138|lpm_mux:Mux4|mux_3nc:auto_generated|_~0              ; out0             ;
; |Decodificador_74LS138|lpm_mux:Mux4|mux_3nc:auto_generated|_~1              ; |Decodificador_74LS138|lpm_mux:Mux4|mux_3nc:auto_generated|_~1              ; out0             ;
; |Decodificador_74LS138|lpm_mux:Mux4|mux_3nc:auto_generated|_~2              ; |Decodificador_74LS138|lpm_mux:Mux4|mux_3nc:auto_generated|_~2              ; out0             ;
; |Decodificador_74LS138|lpm_mux:Mux4|mux_3nc:auto_generated|_~3              ; |Decodificador_74LS138|lpm_mux:Mux4|mux_3nc:auto_generated|_~3              ; out0             ;
; |Decodificador_74LS138|lpm_mux:Mux4|mux_3nc:auto_generated|_~4              ; |Decodificador_74LS138|lpm_mux:Mux4|mux_3nc:auto_generated|_~4              ; out0             ;
; |Decodificador_74LS138|lpm_mux:Mux4|mux_3nc:auto_generated|_~6              ; |Decodificador_74LS138|lpm_mux:Mux4|mux_3nc:auto_generated|_~6              ; out0             ;
; |Decodificador_74LS138|lpm_mux:Mux4|mux_3nc:auto_generated|_~7              ; |Decodificador_74LS138|lpm_mux:Mux4|mux_3nc:auto_generated|_~7              ; out0             ;
; |Decodificador_74LS138|lpm_mux:Mux4|mux_3nc:auto_generated|_~8              ; |Decodificador_74LS138|lpm_mux:Mux4|mux_3nc:auto_generated|_~8              ; out0             ;
; |Decodificador_74LS138|lpm_mux:Mux4|mux_3nc:auto_generated|_~9              ; |Decodificador_74LS138|lpm_mux:Mux4|mux_3nc:auto_generated|_~9              ; out0             ;
; |Decodificador_74LS138|lpm_mux:Mux4|mux_3nc:auto_generated|_~10             ; |Decodificador_74LS138|lpm_mux:Mux4|mux_3nc:auto_generated|_~10             ; out0             ;
; |Decodificador_74LS138|lpm_mux:Mux4|mux_3nc:auto_generated|_~11             ; |Decodificador_74LS138|lpm_mux:Mux4|mux_3nc:auto_generated|_~11             ; out0             ;
; |Decodificador_74LS138|lpm_mux:Mux4|mux_3nc:auto_generated|_~12             ; |Decodificador_74LS138|lpm_mux:Mux4|mux_3nc:auto_generated|_~12             ; out0             ;
; |Decodificador_74LS138|lpm_mux:Mux4|mux_3nc:auto_generated|_~13             ; |Decodificador_74LS138|lpm_mux:Mux4|mux_3nc:auto_generated|_~13             ; out0             ;
; |Decodificador_74LS138|lpm_mux:Mux4|mux_3nc:auto_generated|_~15             ; |Decodificador_74LS138|lpm_mux:Mux4|mux_3nc:auto_generated|_~15             ; out0             ;
; |Decodificador_74LS138|lpm_mux:Mux4|mux_3nc:auto_generated|_~16             ; |Decodificador_74LS138|lpm_mux:Mux4|mux_3nc:auto_generated|_~16             ; out0             ;
; |Decodificador_74LS138|lpm_mux:Mux4|mux_3nc:auto_generated|_~17             ; |Decodificador_74LS138|lpm_mux:Mux4|mux_3nc:auto_generated|_~17             ; out0             ;
; |Decodificador_74LS138|lpm_mux:Mux4|mux_3nc:auto_generated|_~19             ; |Decodificador_74LS138|lpm_mux:Mux4|mux_3nc:auto_generated|_~19             ; out0             ;
; |Decodificador_74LS138|lpm_mux:Mux4|mux_3nc:auto_generated|_~20             ; |Decodificador_74LS138|lpm_mux:Mux4|mux_3nc:auto_generated|_~20             ; out0             ;
; |Decodificador_74LS138|lpm_mux:Mux4|mux_3nc:auto_generated|result_node[0]~0 ; |Decodificador_74LS138|lpm_mux:Mux4|mux_3nc:auto_generated|result_node[0]~0 ; out0             ;
; |Decodificador_74LS138|lpm_mux:Mux4|mux_3nc:auto_generated|_~21             ; |Decodificador_74LS138|lpm_mux:Mux4|mux_3nc:auto_generated|_~21             ; out0             ;
; |Decodificador_74LS138|lpm_mux:Mux4|mux_3nc:auto_generated|_~22             ; |Decodificador_74LS138|lpm_mux:Mux4|mux_3nc:auto_generated|_~22             ; out0             ;
; |Decodificador_74LS138|lpm_mux:Mux4|mux_3nc:auto_generated|_~23             ; |Decodificador_74LS138|lpm_mux:Mux4|mux_3nc:auto_generated|_~23             ; out0             ;
; |Decodificador_74LS138|lpm_mux:Mux4|mux_3nc:auto_generated|_~24             ; |Decodificador_74LS138|lpm_mux:Mux4|mux_3nc:auto_generated|_~24             ; out0             ;
; |Decodificador_74LS138|lpm_mux:Mux4|mux_3nc:auto_generated|_~25             ; |Decodificador_74LS138|lpm_mux:Mux4|mux_3nc:auto_generated|_~25             ; out0             ;
; |Decodificador_74LS138|lpm_mux:Mux4|mux_3nc:auto_generated|_~26             ; |Decodificador_74LS138|lpm_mux:Mux4|mux_3nc:auto_generated|_~26             ; out0             ;
; |Decodificador_74LS138|lpm_mux:Mux4|mux_3nc:auto_generated|_~28             ; |Decodificador_74LS138|lpm_mux:Mux4|mux_3nc:auto_generated|_~28             ; out0             ;
; |Decodificador_74LS138|lpm_mux:Mux4|mux_3nc:auto_generated|_~29             ; |Decodificador_74LS138|lpm_mux:Mux4|mux_3nc:auto_generated|_~29             ; out0             ;
; |Decodificador_74LS138|lpm_mux:Mux4|mux_3nc:auto_generated|_~30             ; |Decodificador_74LS138|lpm_mux:Mux4|mux_3nc:auto_generated|_~30             ; out0             ;
; |Decodificador_74LS138|lpm_mux:Mux4|mux_3nc:auto_generated|_~31             ; |Decodificador_74LS138|lpm_mux:Mux4|mux_3nc:auto_generated|_~31             ; out0             ;
; |Decodificador_74LS138|lpm_mux:Mux4|mux_3nc:auto_generated|_~32             ; |Decodificador_74LS138|lpm_mux:Mux4|mux_3nc:auto_generated|_~32             ; out0             ;
; |Decodificador_74LS138|lpm_mux:Mux4|mux_3nc:auto_generated|_~33             ; |Decodificador_74LS138|lpm_mux:Mux4|mux_3nc:auto_generated|_~33             ; out0             ;
; |Decodificador_74LS138|lpm_mux:Mux4|mux_3nc:auto_generated|_~34             ; |Decodificador_74LS138|lpm_mux:Mux4|mux_3nc:auto_generated|_~34             ; out0             ;
; |Decodificador_74LS138|lpm_mux:Mux4|mux_3nc:auto_generated|_~35             ; |Decodificador_74LS138|lpm_mux:Mux4|mux_3nc:auto_generated|_~35             ; out0             ;
; |Decodificador_74LS138|lpm_mux:Mux4|mux_3nc:auto_generated|_~37             ; |Decodificador_74LS138|lpm_mux:Mux4|mux_3nc:auto_generated|_~37             ; out0             ;
; |Decodificador_74LS138|lpm_mux:Mux4|mux_3nc:auto_generated|_~38             ; |Decodificador_74LS138|lpm_mux:Mux4|mux_3nc:auto_generated|_~38             ; out0             ;
; |Decodificador_74LS138|lpm_mux:Mux4|mux_3nc:auto_generated|_~39             ; |Decodificador_74LS138|lpm_mux:Mux4|mux_3nc:auto_generated|_~39             ; out0             ;
; |Decodificador_74LS138|lpm_mux:Mux4|mux_3nc:auto_generated|_~40             ; |Decodificador_74LS138|lpm_mux:Mux4|mux_3nc:auto_generated|_~40             ; out0             ;
; |Decodificador_74LS138|lpm_mux:Mux4|mux_3nc:auto_generated|_~41             ; |Decodificador_74LS138|lpm_mux:Mux4|mux_3nc:auto_generated|_~41             ; out0             ;
; |Decodificador_74LS138|lpm_mux:Mux4|mux_3nc:auto_generated|_~42             ; |Decodificador_74LS138|lpm_mux:Mux4|mux_3nc:auto_generated|_~42             ; out0             ;
; |Decodificador_74LS138|lpm_mux:Mux4|mux_3nc:auto_generated|result_node[0]~1 ; |Decodificador_74LS138|lpm_mux:Mux4|mux_3nc:auto_generated|result_node[0]~1 ; out0             ;
; |Decodificador_74LS138|lpm_mux:Mux4|mux_3nc:auto_generated|result_node[0]   ; |Decodificador_74LS138|lpm_mux:Mux4|mux_3nc:auto_generated|result_node[0]   ; out0             ;
; |Decodificador_74LS138|lpm_mux:Mux3|mux_3nc:auto_generated|_~0              ; |Decodificador_74LS138|lpm_mux:Mux3|mux_3nc:auto_generated|_~0              ; out0             ;
; |Decodificador_74LS138|lpm_mux:Mux3|mux_3nc:auto_generated|_~1              ; |Decodificador_74LS138|lpm_mux:Mux3|mux_3nc:auto_generated|_~1              ; out0             ;
; |Decodificador_74LS138|lpm_mux:Mux3|mux_3nc:auto_generated|_~3              ; |Decodificador_74LS138|lpm_mux:Mux3|mux_3nc:auto_generated|_~3              ; out0             ;
; |Decodificador_74LS138|lpm_mux:Mux3|mux_3nc:auto_generated|_~6              ; |Decodificador_74LS138|lpm_mux:Mux3|mux_3nc:auto_generated|_~6              ; out0             ;
; |Decodificador_74LS138|lpm_mux:Mux3|mux_3nc:auto_generated|_~7              ; |Decodificador_74LS138|lpm_mux:Mux3|mux_3nc:auto_generated|_~7              ; out0             ;
; |Decodificador_74LS138|lpm_mux:Mux3|mux_3nc:auto_generated|_~8              ; |Decodificador_74LS138|lpm_mux:Mux3|mux_3nc:auto_generated|_~8              ; out0             ;
; |Decodificador_74LS138|lpm_mux:Mux3|mux_3nc:auto_generated|_~9              ; |Decodificador_74LS138|lpm_mux:Mux3|mux_3nc:auto_generated|_~9              ; out0             ;
; |Decodificador_74LS138|lpm_mux:Mux3|mux_3nc:auto_generated|_~10             ; |Decodificador_74LS138|lpm_mux:Mux3|mux_3nc:auto_generated|_~10             ; out0             ;
; |Decodificador_74LS138|lpm_mux:Mux3|mux_3nc:auto_generated|_~12             ; |Decodificador_74LS138|lpm_mux:Mux3|mux_3nc:auto_generated|_~12             ; out0             ;
; |Decodificador_74LS138|lpm_mux:Mux3|mux_3nc:auto_generated|_~15             ; |Decodificador_74LS138|lpm_mux:Mux3|mux_3nc:auto_generated|_~15             ; out0             ;
; |Decodificador_74LS138|lpm_mux:Mux3|mux_3nc:auto_generated|_~16             ; |Decodificador_74LS138|lpm_mux:Mux3|mux_3nc:auto_generated|_~16             ; out0             ;
; |Decodificador_74LS138|lpm_mux:Mux3|mux_3nc:auto_generated|_~17             ; |Decodificador_74LS138|lpm_mux:Mux3|mux_3nc:auto_generated|_~17             ; out0             ;
; |Decodificador_74LS138|lpm_mux:Mux3|mux_3nc:auto_generated|_~19             ; |Decodificador_74LS138|lpm_mux:Mux3|mux_3nc:auto_generated|_~19             ; out0             ;
; |Decodificador_74LS138|lpm_mux:Mux3|mux_3nc:auto_generated|_~20             ; |Decodificador_74LS138|lpm_mux:Mux3|mux_3nc:auto_generated|_~20             ; out0             ;
; |Decodificador_74LS138|lpm_mux:Mux3|mux_3nc:auto_generated|result_node[0]~0 ; |Decodificador_74LS138|lpm_mux:Mux3|mux_3nc:auto_generated|result_node[0]~0 ; out0             ;
; |Decodificador_74LS138|lpm_mux:Mux3|mux_3nc:auto_generated|_~21             ; |Decodificador_74LS138|lpm_mux:Mux3|mux_3nc:auto_generated|_~21             ; out0             ;
; |Decodificador_74LS138|lpm_mux:Mux3|mux_3nc:auto_generated|_~22             ; |Decodificador_74LS138|lpm_mux:Mux3|mux_3nc:auto_generated|_~22             ; out0             ;
; |Decodificador_74LS138|lpm_mux:Mux3|mux_3nc:auto_generated|_~23             ; |Decodificador_74LS138|lpm_mux:Mux3|mux_3nc:auto_generated|_~23             ; out0             ;
; |Decodificador_74LS138|lpm_mux:Mux3|mux_3nc:auto_generated|_~24             ; |Decodificador_74LS138|lpm_mux:Mux3|mux_3nc:auto_generated|_~24             ; out0             ;
; |Decodificador_74LS138|lpm_mux:Mux3|mux_3nc:auto_generated|_~25             ; |Decodificador_74LS138|lpm_mux:Mux3|mux_3nc:auto_generated|_~25             ; out0             ;
; |Decodificador_74LS138|lpm_mux:Mux3|mux_3nc:auto_generated|_~26             ; |Decodificador_74LS138|lpm_mux:Mux3|mux_3nc:auto_generated|_~26             ; out0             ;
; |Decodificador_74LS138|lpm_mux:Mux3|mux_3nc:auto_generated|_~28             ; |Decodificador_74LS138|lpm_mux:Mux3|mux_3nc:auto_generated|_~28             ; out0             ;
; |Decodificador_74LS138|lpm_mux:Mux3|mux_3nc:auto_generated|_~29             ; |Decodificador_74LS138|lpm_mux:Mux3|mux_3nc:auto_generated|_~29             ; out0             ;
; |Decodificador_74LS138|lpm_mux:Mux3|mux_3nc:auto_generated|_~30             ; |Decodificador_74LS138|lpm_mux:Mux3|mux_3nc:auto_generated|_~30             ; out0             ;
; |Decodificador_74LS138|lpm_mux:Mux3|mux_3nc:auto_generated|_~31             ; |Decodificador_74LS138|lpm_mux:Mux3|mux_3nc:auto_generated|_~31             ; out0             ;
; |Decodificador_74LS138|lpm_mux:Mux3|mux_3nc:auto_generated|_~32             ; |Decodificador_74LS138|lpm_mux:Mux3|mux_3nc:auto_generated|_~32             ; out0             ;
; |Decodificador_74LS138|lpm_mux:Mux3|mux_3nc:auto_generated|_~33             ; |Decodificador_74LS138|lpm_mux:Mux3|mux_3nc:auto_generated|_~33             ; out0             ;
; |Decodificador_74LS138|lpm_mux:Mux3|mux_3nc:auto_generated|_~34             ; |Decodificador_74LS138|lpm_mux:Mux3|mux_3nc:auto_generated|_~34             ; out0             ;
; |Decodificador_74LS138|lpm_mux:Mux3|mux_3nc:auto_generated|_~35             ; |Decodificador_74LS138|lpm_mux:Mux3|mux_3nc:auto_generated|_~35             ; out0             ;
; |Decodificador_74LS138|lpm_mux:Mux3|mux_3nc:auto_generated|_~37             ; |Decodificador_74LS138|lpm_mux:Mux3|mux_3nc:auto_generated|_~37             ; out0             ;
; |Decodificador_74LS138|lpm_mux:Mux3|mux_3nc:auto_generated|_~38             ; |Decodificador_74LS138|lpm_mux:Mux3|mux_3nc:auto_generated|_~38             ; out0             ;
; |Decodificador_74LS138|lpm_mux:Mux3|mux_3nc:auto_generated|_~39             ; |Decodificador_74LS138|lpm_mux:Mux3|mux_3nc:auto_generated|_~39             ; out0             ;
; |Decodificador_74LS138|lpm_mux:Mux3|mux_3nc:auto_generated|_~41             ; |Decodificador_74LS138|lpm_mux:Mux3|mux_3nc:auto_generated|_~41             ; out0             ;
; |Decodificador_74LS138|lpm_mux:Mux3|mux_3nc:auto_generated|_~42             ; |Decodificador_74LS138|lpm_mux:Mux3|mux_3nc:auto_generated|_~42             ; out0             ;
; |Decodificador_74LS138|lpm_mux:Mux3|mux_3nc:auto_generated|result_node[0]~1 ; |Decodificador_74LS138|lpm_mux:Mux3|mux_3nc:auto_generated|result_node[0]~1 ; out0             ;
; |Decodificador_74LS138|lpm_mux:Mux3|mux_3nc:auto_generated|result_node[0]   ; |Decodificador_74LS138|lpm_mux:Mux3|mux_3nc:auto_generated|result_node[0]   ; out0             ;
; |Decodificador_74LS138|lpm_mux:Mux2|mux_3nc:auto_generated|_~1              ; |Decodificador_74LS138|lpm_mux:Mux2|mux_3nc:auto_generated|_~1              ; out0             ;
; |Decodificador_74LS138|lpm_mux:Mux2|mux_3nc:auto_generated|_~2              ; |Decodificador_74LS138|lpm_mux:Mux2|mux_3nc:auto_generated|_~2              ; out0             ;
; |Decodificador_74LS138|lpm_mux:Mux2|mux_3nc:auto_generated|_~3              ; |Decodificador_74LS138|lpm_mux:Mux2|mux_3nc:auto_generated|_~3              ; out0             ;
; |Decodificador_74LS138|lpm_mux:Mux2|mux_3nc:auto_generated|_~4              ; |Decodificador_74LS138|lpm_mux:Mux2|mux_3nc:auto_generated|_~4              ; out0             ;
; |Decodificador_74LS138|lpm_mux:Mux2|mux_3nc:auto_generated|_~6              ; |Decodificador_74LS138|lpm_mux:Mux2|mux_3nc:auto_generated|_~6              ; out0             ;
; |Decodificador_74LS138|lpm_mux:Mux2|mux_3nc:auto_generated|_~7              ; |Decodificador_74LS138|lpm_mux:Mux2|mux_3nc:auto_generated|_~7              ; out0             ;
; |Decodificador_74LS138|lpm_mux:Mux2|mux_3nc:auto_generated|_~8              ; |Decodificador_74LS138|lpm_mux:Mux2|mux_3nc:auto_generated|_~8              ; out0             ;
; |Decodificador_74LS138|lpm_mux:Mux2|mux_3nc:auto_generated|_~10             ; |Decodificador_74LS138|lpm_mux:Mux2|mux_3nc:auto_generated|_~10             ; out0             ;
; |Decodificador_74LS138|lpm_mux:Mux2|mux_3nc:auto_generated|_~11             ; |Decodificador_74LS138|lpm_mux:Mux2|mux_3nc:auto_generated|_~11             ; out0             ;
; |Decodificador_74LS138|lpm_mux:Mux2|mux_3nc:auto_generated|_~12             ; |Decodificador_74LS138|lpm_mux:Mux2|mux_3nc:auto_generated|_~12             ; out0             ;
; |Decodificador_74LS138|lpm_mux:Mux2|mux_3nc:auto_generated|_~13             ; |Decodificador_74LS138|lpm_mux:Mux2|mux_3nc:auto_generated|_~13             ; out0             ;
; |Decodificador_74LS138|lpm_mux:Mux2|mux_3nc:auto_generated|_~15             ; |Decodificador_74LS138|lpm_mux:Mux2|mux_3nc:auto_generated|_~15             ; out0             ;
; |Decodificador_74LS138|lpm_mux:Mux2|mux_3nc:auto_generated|_~16             ; |Decodificador_74LS138|lpm_mux:Mux2|mux_3nc:auto_generated|_~16             ; out0             ;
; |Decodificador_74LS138|lpm_mux:Mux2|mux_3nc:auto_generated|_~17             ; |Decodificador_74LS138|lpm_mux:Mux2|mux_3nc:auto_generated|_~17             ; out0             ;
; |Decodificador_74LS138|lpm_mux:Mux2|mux_3nc:auto_generated|_~19             ; |Decodificador_74LS138|lpm_mux:Mux2|mux_3nc:auto_generated|_~19             ; out0             ;
; |Decodificador_74LS138|lpm_mux:Mux2|mux_3nc:auto_generated|_~20             ; |Decodificador_74LS138|lpm_mux:Mux2|mux_3nc:auto_generated|_~20             ; out0             ;
; |Decodificador_74LS138|lpm_mux:Mux2|mux_3nc:auto_generated|result_node[0]~0 ; |Decodificador_74LS138|lpm_mux:Mux2|mux_3nc:auto_generated|result_node[0]~0 ; out0             ;
; |Decodificador_74LS138|lpm_mux:Mux2|mux_3nc:auto_generated|_~21             ; |Decodificador_74LS138|lpm_mux:Mux2|mux_3nc:auto_generated|_~21             ; out0             ;
; |Decodificador_74LS138|lpm_mux:Mux2|mux_3nc:auto_generated|_~22             ; |Decodificador_74LS138|lpm_mux:Mux2|mux_3nc:auto_generated|_~22             ; out0             ;
; |Decodificador_74LS138|lpm_mux:Mux2|mux_3nc:auto_generated|_~23             ; |Decodificador_74LS138|lpm_mux:Mux2|mux_3nc:auto_generated|_~23             ; out0             ;
; |Decodificador_74LS138|lpm_mux:Mux2|mux_3nc:auto_generated|_~24             ; |Decodificador_74LS138|lpm_mux:Mux2|mux_3nc:auto_generated|_~24             ; out0             ;
; |Decodificador_74LS138|lpm_mux:Mux2|mux_3nc:auto_generated|_~25             ; |Decodificador_74LS138|lpm_mux:Mux2|mux_3nc:auto_generated|_~25             ; out0             ;
; |Decodificador_74LS138|lpm_mux:Mux2|mux_3nc:auto_generated|_~26             ; |Decodificador_74LS138|lpm_mux:Mux2|mux_3nc:auto_generated|_~26             ; out0             ;
; |Decodificador_74LS138|lpm_mux:Mux2|mux_3nc:auto_generated|_~28             ; |Decodificador_74LS138|lpm_mux:Mux2|mux_3nc:auto_generated|_~28             ; out0             ;
; |Decodificador_74LS138|lpm_mux:Mux2|mux_3nc:auto_generated|_~29             ; |Decodificador_74LS138|lpm_mux:Mux2|mux_3nc:auto_generated|_~29             ; out0             ;
; |Decodificador_74LS138|lpm_mux:Mux2|mux_3nc:auto_generated|_~30             ; |Decodificador_74LS138|lpm_mux:Mux2|mux_3nc:auto_generated|_~30             ; out0             ;
; |Decodificador_74LS138|lpm_mux:Mux2|mux_3nc:auto_generated|_~31             ; |Decodificador_74LS138|lpm_mux:Mux2|mux_3nc:auto_generated|_~31             ; out0             ;
; |Decodificador_74LS138|lpm_mux:Mux2|mux_3nc:auto_generated|_~32             ; |Decodificador_74LS138|lpm_mux:Mux2|mux_3nc:auto_generated|_~32             ; out0             ;
; |Decodificador_74LS138|lpm_mux:Mux2|mux_3nc:auto_generated|_~33             ; |Decodificador_74LS138|lpm_mux:Mux2|mux_3nc:auto_generated|_~33             ; out0             ;
; |Decodificador_74LS138|lpm_mux:Mux2|mux_3nc:auto_generated|_~34             ; |Decodificador_74LS138|lpm_mux:Mux2|mux_3nc:auto_generated|_~34             ; out0             ;
; |Decodificador_74LS138|lpm_mux:Mux2|mux_3nc:auto_generated|_~35             ; |Decodificador_74LS138|lpm_mux:Mux2|mux_3nc:auto_generated|_~35             ; out0             ;
; |Decodificador_74LS138|lpm_mux:Mux2|mux_3nc:auto_generated|_~37             ; |Decodificador_74LS138|lpm_mux:Mux2|mux_3nc:auto_generated|_~37             ; out0             ;
; |Decodificador_74LS138|lpm_mux:Mux2|mux_3nc:auto_generated|_~38             ; |Decodificador_74LS138|lpm_mux:Mux2|mux_3nc:auto_generated|_~38             ; out0             ;
; |Decodificador_74LS138|lpm_mux:Mux2|mux_3nc:auto_generated|_~39             ; |Decodificador_74LS138|lpm_mux:Mux2|mux_3nc:auto_generated|_~39             ; out0             ;
; |Decodificador_74LS138|lpm_mux:Mux2|mux_3nc:auto_generated|_~41             ; |Decodificador_74LS138|lpm_mux:Mux2|mux_3nc:auto_generated|_~41             ; out0             ;
; |Decodificador_74LS138|lpm_mux:Mux2|mux_3nc:auto_generated|_~42             ; |Decodificador_74LS138|lpm_mux:Mux2|mux_3nc:auto_generated|_~42             ; out0             ;
; |Decodificador_74LS138|lpm_mux:Mux2|mux_3nc:auto_generated|result_node[0]~1 ; |Decodificador_74LS138|lpm_mux:Mux2|mux_3nc:auto_generated|result_node[0]~1 ; out0             ;
; |Decodificador_74LS138|lpm_mux:Mux2|mux_3nc:auto_generated|result_node[0]   ; |Decodificador_74LS138|lpm_mux:Mux2|mux_3nc:auto_generated|result_node[0]   ; out0             ;
; |Decodificador_74LS138|lpm_mux:Mux1|mux_3nc:auto_generated|_~0              ; |Decodificador_74LS138|lpm_mux:Mux1|mux_3nc:auto_generated|_~0              ; out0             ;
; |Decodificador_74LS138|lpm_mux:Mux1|mux_3nc:auto_generated|_~1              ; |Decodificador_74LS138|lpm_mux:Mux1|mux_3nc:auto_generated|_~1              ; out0             ;
; |Decodificador_74LS138|lpm_mux:Mux1|mux_3nc:auto_generated|_~2              ; |Decodificador_74LS138|lpm_mux:Mux1|mux_3nc:auto_generated|_~2              ; out0             ;
; |Decodificador_74LS138|lpm_mux:Mux1|mux_3nc:auto_generated|_~3              ; |Decodificador_74LS138|lpm_mux:Mux1|mux_3nc:auto_generated|_~3              ; out0             ;
; |Decodificador_74LS138|lpm_mux:Mux1|mux_3nc:auto_generated|_~4              ; |Decodificador_74LS138|lpm_mux:Mux1|mux_3nc:auto_generated|_~4              ; out0             ;
; |Decodificador_74LS138|lpm_mux:Mux1|mux_3nc:auto_generated|_~5              ; |Decodificador_74LS138|lpm_mux:Mux1|mux_3nc:auto_generated|_~5              ; out0             ;
; |Decodificador_74LS138|lpm_mux:Mux1|mux_3nc:auto_generated|_~6              ; |Decodificador_74LS138|lpm_mux:Mux1|mux_3nc:auto_generated|_~6              ; out0             ;
; |Decodificador_74LS138|lpm_mux:Mux1|mux_3nc:auto_generated|_~7              ; |Decodificador_74LS138|lpm_mux:Mux1|mux_3nc:auto_generated|_~7              ; out0             ;
; |Decodificador_74LS138|lpm_mux:Mux1|mux_3nc:auto_generated|_~8              ; |Decodificador_74LS138|lpm_mux:Mux1|mux_3nc:auto_generated|_~8              ; out0             ;
; |Decodificador_74LS138|lpm_mux:Mux1|mux_3nc:auto_generated|_~9              ; |Decodificador_74LS138|lpm_mux:Mux1|mux_3nc:auto_generated|_~9              ; out0             ;
; |Decodificador_74LS138|lpm_mux:Mux1|mux_3nc:auto_generated|_~10             ; |Decodificador_74LS138|lpm_mux:Mux1|mux_3nc:auto_generated|_~10             ; out0             ;
; |Decodificador_74LS138|lpm_mux:Mux1|mux_3nc:auto_generated|_~11             ; |Decodificador_74LS138|lpm_mux:Mux1|mux_3nc:auto_generated|_~11             ; out0             ;
; |Decodificador_74LS138|lpm_mux:Mux1|mux_3nc:auto_generated|_~12             ; |Decodificador_74LS138|lpm_mux:Mux1|mux_3nc:auto_generated|_~12             ; out0             ;
; |Decodificador_74LS138|lpm_mux:Mux1|mux_3nc:auto_generated|_~13             ; |Decodificador_74LS138|lpm_mux:Mux1|mux_3nc:auto_generated|_~13             ; out0             ;
; |Decodificador_74LS138|lpm_mux:Mux1|mux_3nc:auto_generated|_~14             ; |Decodificador_74LS138|lpm_mux:Mux1|mux_3nc:auto_generated|_~14             ; out0             ;
; |Decodificador_74LS138|lpm_mux:Mux1|mux_3nc:auto_generated|_~15             ; |Decodificador_74LS138|lpm_mux:Mux1|mux_3nc:auto_generated|_~15             ; out0             ;
; |Decodificador_74LS138|lpm_mux:Mux1|mux_3nc:auto_generated|_~16             ; |Decodificador_74LS138|lpm_mux:Mux1|mux_3nc:auto_generated|_~16             ; out0             ;
; |Decodificador_74LS138|lpm_mux:Mux1|mux_3nc:auto_generated|_~17             ; |Decodificador_74LS138|lpm_mux:Mux1|mux_3nc:auto_generated|_~17             ; out0             ;
; |Decodificador_74LS138|lpm_mux:Mux1|mux_3nc:auto_generated|_~19             ; |Decodificador_74LS138|lpm_mux:Mux1|mux_3nc:auto_generated|_~19             ; out0             ;
; |Decodificador_74LS138|lpm_mux:Mux1|mux_3nc:auto_generated|_~20             ; |Decodificador_74LS138|lpm_mux:Mux1|mux_3nc:auto_generated|_~20             ; out0             ;
; |Decodificador_74LS138|lpm_mux:Mux1|mux_3nc:auto_generated|result_node[0]~0 ; |Decodificador_74LS138|lpm_mux:Mux1|mux_3nc:auto_generated|result_node[0]~0 ; out0             ;
; |Decodificador_74LS138|lpm_mux:Mux1|mux_3nc:auto_generated|_~21             ; |Decodificador_74LS138|lpm_mux:Mux1|mux_3nc:auto_generated|_~21             ; out0             ;
; |Decodificador_74LS138|lpm_mux:Mux1|mux_3nc:auto_generated|_~22             ; |Decodificador_74LS138|lpm_mux:Mux1|mux_3nc:auto_generated|_~22             ; out0             ;
; |Decodificador_74LS138|lpm_mux:Mux1|mux_3nc:auto_generated|_~23             ; |Decodificador_74LS138|lpm_mux:Mux1|mux_3nc:auto_generated|_~23             ; out0             ;
; |Decodificador_74LS138|lpm_mux:Mux1|mux_3nc:auto_generated|_~24             ; |Decodificador_74LS138|lpm_mux:Mux1|mux_3nc:auto_generated|_~24             ; out0             ;
; |Decodificador_74LS138|lpm_mux:Mux1|mux_3nc:auto_generated|_~25             ; |Decodificador_74LS138|lpm_mux:Mux1|mux_3nc:auto_generated|_~25             ; out0             ;
; |Decodificador_74LS138|lpm_mux:Mux1|mux_3nc:auto_generated|_~26             ; |Decodificador_74LS138|lpm_mux:Mux1|mux_3nc:auto_generated|_~26             ; out0             ;
; |Decodificador_74LS138|lpm_mux:Mux1|mux_3nc:auto_generated|_~28             ; |Decodificador_74LS138|lpm_mux:Mux1|mux_3nc:auto_generated|_~28             ; out0             ;
; |Decodificador_74LS138|lpm_mux:Mux1|mux_3nc:auto_generated|_~29             ; |Decodificador_74LS138|lpm_mux:Mux1|mux_3nc:auto_generated|_~29             ; out0             ;
; |Decodificador_74LS138|lpm_mux:Mux1|mux_3nc:auto_generated|_~30             ; |Decodificador_74LS138|lpm_mux:Mux1|mux_3nc:auto_generated|_~30             ; out0             ;
; |Decodificador_74LS138|lpm_mux:Mux1|mux_3nc:auto_generated|_~31             ; |Decodificador_74LS138|lpm_mux:Mux1|mux_3nc:auto_generated|_~31             ; out0             ;
; |Decodificador_74LS138|lpm_mux:Mux1|mux_3nc:auto_generated|_~32             ; |Decodificador_74LS138|lpm_mux:Mux1|mux_3nc:auto_generated|_~32             ; out0             ;
; |Decodificador_74LS138|lpm_mux:Mux1|mux_3nc:auto_generated|_~33             ; |Decodificador_74LS138|lpm_mux:Mux1|mux_3nc:auto_generated|_~33             ; out0             ;
; |Decodificador_74LS138|lpm_mux:Mux1|mux_3nc:auto_generated|_~34             ; |Decodificador_74LS138|lpm_mux:Mux1|mux_3nc:auto_generated|_~34             ; out0             ;
; |Decodificador_74LS138|lpm_mux:Mux1|mux_3nc:auto_generated|_~35             ; |Decodificador_74LS138|lpm_mux:Mux1|mux_3nc:auto_generated|_~35             ; out0             ;
; |Decodificador_74LS138|lpm_mux:Mux1|mux_3nc:auto_generated|_~37             ; |Decodificador_74LS138|lpm_mux:Mux1|mux_3nc:auto_generated|_~37             ; out0             ;
; |Decodificador_74LS138|lpm_mux:Mux1|mux_3nc:auto_generated|_~38             ; |Decodificador_74LS138|lpm_mux:Mux1|mux_3nc:auto_generated|_~38             ; out0             ;
; |Decodificador_74LS138|lpm_mux:Mux1|mux_3nc:auto_generated|_~39             ; |Decodificador_74LS138|lpm_mux:Mux1|mux_3nc:auto_generated|_~39             ; out0             ;
; |Decodificador_74LS138|lpm_mux:Mux1|mux_3nc:auto_generated|_~41             ; |Decodificador_74LS138|lpm_mux:Mux1|mux_3nc:auto_generated|_~41             ; out0             ;
; |Decodificador_74LS138|lpm_mux:Mux1|mux_3nc:auto_generated|_~42             ; |Decodificador_74LS138|lpm_mux:Mux1|mux_3nc:auto_generated|_~42             ; out0             ;
; |Decodificador_74LS138|lpm_mux:Mux1|mux_3nc:auto_generated|result_node[0]~1 ; |Decodificador_74LS138|lpm_mux:Mux1|mux_3nc:auto_generated|result_node[0]~1 ; out0             ;
; |Decodificador_74LS138|lpm_mux:Mux1|mux_3nc:auto_generated|result_node[0]   ; |Decodificador_74LS138|lpm_mux:Mux1|mux_3nc:auto_generated|result_node[0]   ; out0             ;
; |Decodificador_74LS138|lpm_mux:Mux0|mux_3nc:auto_generated|_~0              ; |Decodificador_74LS138|lpm_mux:Mux0|mux_3nc:auto_generated|_~0              ; out0             ;
; |Decodificador_74LS138|lpm_mux:Mux0|mux_3nc:auto_generated|_~1              ; |Decodificador_74LS138|lpm_mux:Mux0|mux_3nc:auto_generated|_~1              ; out0             ;
; |Decodificador_74LS138|lpm_mux:Mux0|mux_3nc:auto_generated|_~2              ; |Decodificador_74LS138|lpm_mux:Mux0|mux_3nc:auto_generated|_~2              ; out0             ;
; |Decodificador_74LS138|lpm_mux:Mux0|mux_3nc:auto_generated|_~3              ; |Decodificador_74LS138|lpm_mux:Mux0|mux_3nc:auto_generated|_~3              ; out0             ;
; |Decodificador_74LS138|lpm_mux:Mux0|mux_3nc:auto_generated|_~4              ; |Decodificador_74LS138|lpm_mux:Mux0|mux_3nc:auto_generated|_~4              ; out0             ;
; |Decodificador_74LS138|lpm_mux:Mux0|mux_3nc:auto_generated|_~6              ; |Decodificador_74LS138|lpm_mux:Mux0|mux_3nc:auto_generated|_~6              ; out0             ;
; |Decodificador_74LS138|lpm_mux:Mux0|mux_3nc:auto_generated|_~7              ; |Decodificador_74LS138|lpm_mux:Mux0|mux_3nc:auto_generated|_~7              ; out0             ;
; |Decodificador_74LS138|lpm_mux:Mux0|mux_3nc:auto_generated|_~8              ; |Decodificador_74LS138|lpm_mux:Mux0|mux_3nc:auto_generated|_~8              ; out0             ;
; |Decodificador_74LS138|lpm_mux:Mux0|mux_3nc:auto_generated|_~9              ; |Decodificador_74LS138|lpm_mux:Mux0|mux_3nc:auto_generated|_~9              ; out0             ;
; |Decodificador_74LS138|lpm_mux:Mux0|mux_3nc:auto_generated|_~10             ; |Decodificador_74LS138|lpm_mux:Mux0|mux_3nc:auto_generated|_~10             ; out0             ;
; |Decodificador_74LS138|lpm_mux:Mux0|mux_3nc:auto_generated|_~11             ; |Decodificador_74LS138|lpm_mux:Mux0|mux_3nc:auto_generated|_~11             ; out0             ;
; |Decodificador_74LS138|lpm_mux:Mux0|mux_3nc:auto_generated|_~12             ; |Decodificador_74LS138|lpm_mux:Mux0|mux_3nc:auto_generated|_~12             ; out0             ;
; |Decodificador_74LS138|lpm_mux:Mux0|mux_3nc:auto_generated|_~13             ; |Decodificador_74LS138|lpm_mux:Mux0|mux_3nc:auto_generated|_~13             ; out0             ;
; |Decodificador_74LS138|lpm_mux:Mux0|mux_3nc:auto_generated|_~15             ; |Decodificador_74LS138|lpm_mux:Mux0|mux_3nc:auto_generated|_~15             ; out0             ;
; |Decodificador_74LS138|lpm_mux:Mux0|mux_3nc:auto_generated|_~16             ; |Decodificador_74LS138|lpm_mux:Mux0|mux_3nc:auto_generated|_~16             ; out0             ;
; |Decodificador_74LS138|lpm_mux:Mux0|mux_3nc:auto_generated|_~17             ; |Decodificador_74LS138|lpm_mux:Mux0|mux_3nc:auto_generated|_~17             ; out0             ;
; |Decodificador_74LS138|lpm_mux:Mux0|mux_3nc:auto_generated|_~18             ; |Decodificador_74LS138|lpm_mux:Mux0|mux_3nc:auto_generated|_~18             ; out0             ;
; |Decodificador_74LS138|lpm_mux:Mux0|mux_3nc:auto_generated|_~19             ; |Decodificador_74LS138|lpm_mux:Mux0|mux_3nc:auto_generated|_~19             ; out0             ;
; |Decodificador_74LS138|lpm_mux:Mux0|mux_3nc:auto_generated|_~20             ; |Decodificador_74LS138|lpm_mux:Mux0|mux_3nc:auto_generated|_~20             ; out0             ;
; |Decodificador_74LS138|lpm_mux:Mux0|mux_3nc:auto_generated|result_node[0]~0 ; |Decodificador_74LS138|lpm_mux:Mux0|mux_3nc:auto_generated|result_node[0]~0 ; out0             ;
; |Decodificador_74LS138|lpm_mux:Mux0|mux_3nc:auto_generated|_~21             ; |Decodificador_74LS138|lpm_mux:Mux0|mux_3nc:auto_generated|_~21             ; out0             ;
; |Decodificador_74LS138|lpm_mux:Mux0|mux_3nc:auto_generated|_~22             ; |Decodificador_74LS138|lpm_mux:Mux0|mux_3nc:auto_generated|_~22             ; out0             ;
; |Decodificador_74LS138|lpm_mux:Mux0|mux_3nc:auto_generated|_~23             ; |Decodificador_74LS138|lpm_mux:Mux0|mux_3nc:auto_generated|_~23             ; out0             ;
; |Decodificador_74LS138|lpm_mux:Mux0|mux_3nc:auto_generated|_~24             ; |Decodificador_74LS138|lpm_mux:Mux0|mux_3nc:auto_generated|_~24             ; out0             ;
; |Decodificador_74LS138|lpm_mux:Mux0|mux_3nc:auto_generated|_~25             ; |Decodificador_74LS138|lpm_mux:Mux0|mux_3nc:auto_generated|_~25             ; out0             ;
; |Decodificador_74LS138|lpm_mux:Mux0|mux_3nc:auto_generated|_~26             ; |Decodificador_74LS138|lpm_mux:Mux0|mux_3nc:auto_generated|_~26             ; out0             ;
; |Decodificador_74LS138|lpm_mux:Mux0|mux_3nc:auto_generated|_~28             ; |Decodificador_74LS138|lpm_mux:Mux0|mux_3nc:auto_generated|_~28             ; out0             ;
; |Decodificador_74LS138|lpm_mux:Mux0|mux_3nc:auto_generated|_~29             ; |Decodificador_74LS138|lpm_mux:Mux0|mux_3nc:auto_generated|_~29             ; out0             ;
; |Decodificador_74LS138|lpm_mux:Mux0|mux_3nc:auto_generated|_~30             ; |Decodificador_74LS138|lpm_mux:Mux0|mux_3nc:auto_generated|_~30             ; out0             ;
; |Decodificador_74LS138|lpm_mux:Mux0|mux_3nc:auto_generated|_~31             ; |Decodificador_74LS138|lpm_mux:Mux0|mux_3nc:auto_generated|_~31             ; out0             ;
; |Decodificador_74LS138|lpm_mux:Mux0|mux_3nc:auto_generated|_~32             ; |Decodificador_74LS138|lpm_mux:Mux0|mux_3nc:auto_generated|_~32             ; out0             ;
; |Decodificador_74LS138|lpm_mux:Mux0|mux_3nc:auto_generated|_~33             ; |Decodificador_74LS138|lpm_mux:Mux0|mux_3nc:auto_generated|_~33             ; out0             ;
; |Decodificador_74LS138|lpm_mux:Mux0|mux_3nc:auto_generated|_~34             ; |Decodificador_74LS138|lpm_mux:Mux0|mux_3nc:auto_generated|_~34             ; out0             ;
; |Decodificador_74LS138|lpm_mux:Mux0|mux_3nc:auto_generated|_~35             ; |Decodificador_74LS138|lpm_mux:Mux0|mux_3nc:auto_generated|_~35             ; out0             ;
; |Decodificador_74LS138|lpm_mux:Mux0|mux_3nc:auto_generated|_~37             ; |Decodificador_74LS138|lpm_mux:Mux0|mux_3nc:auto_generated|_~37             ; out0             ;
; |Decodificador_74LS138|lpm_mux:Mux0|mux_3nc:auto_generated|_~38             ; |Decodificador_74LS138|lpm_mux:Mux0|mux_3nc:auto_generated|_~38             ; out0             ;
; |Decodificador_74LS138|lpm_mux:Mux0|mux_3nc:auto_generated|_~39             ; |Decodificador_74LS138|lpm_mux:Mux0|mux_3nc:auto_generated|_~39             ; out0             ;
; |Decodificador_74LS138|lpm_mux:Mux0|mux_3nc:auto_generated|_~41             ; |Decodificador_74LS138|lpm_mux:Mux0|mux_3nc:auto_generated|_~41             ; out0             ;
; |Decodificador_74LS138|lpm_mux:Mux0|mux_3nc:auto_generated|_~42             ; |Decodificador_74LS138|lpm_mux:Mux0|mux_3nc:auto_generated|_~42             ; out0             ;
; |Decodificador_74LS138|lpm_mux:Mux0|mux_3nc:auto_generated|result_node[0]~1 ; |Decodificador_74LS138|lpm_mux:Mux0|mux_3nc:auto_generated|result_node[0]~1 ; out0             ;
; |Decodificador_74LS138|lpm_mux:Mux0|mux_3nc:auto_generated|result_node[0]   ; |Decodificador_74LS138|lpm_mux:Mux0|mux_3nc:auto_generated|result_node[0]   ; out0             ;
+-----------------------------------------------------------------------------+-----------------------------------------------------------------------------+------------------+


The following table displays output ports that do not toggle to 1 during simulation.
+------------------------------------------------------------------------------------------------------------------------------------------------------+
; Missing 1-Value Coverage                                                                                                                             ;
+-----------------------------------------------------------------+-----------------------------------------------------------------+------------------+
; Node Name                                                       ; Output Port Name                                                ; Output Port Type ;
+-----------------------------------------------------------------+-----------------------------------------------------------------+------------------+
; |Decodificador_74LS138|E[2]                                     ; |Decodificador_74LS138|E[2]                                     ; out              ;
; |Decodificador_74LS138|lpm_mux:Mux7|mux_3nc:auto_generated|_~5  ; |Decodificador_74LS138|lpm_mux:Mux7|mux_3nc:auto_generated|_~5  ; out0             ;
; |Decodificador_74LS138|lpm_mux:Mux7|mux_3nc:auto_generated|_~14 ; |Decodificador_74LS138|lpm_mux:Mux7|mux_3nc:auto_generated|_~14 ; out0             ;
; |Decodificador_74LS138|lpm_mux:Mux7|mux_3nc:auto_generated|_~18 ; |Decodificador_74LS138|lpm_mux:Mux7|mux_3nc:auto_generated|_~18 ; out0             ;
; |Decodificador_74LS138|lpm_mux:Mux7|mux_3nc:auto_generated|_~24 ; |Decodificador_74LS138|lpm_mux:Mux7|mux_3nc:auto_generated|_~24 ; out0             ;
; |Decodificador_74LS138|lpm_mux:Mux7|mux_3nc:auto_generated|_~26 ; |Decodificador_74LS138|lpm_mux:Mux7|mux_3nc:auto_generated|_~26 ; out0             ;
; |Decodificador_74LS138|lpm_mux:Mux7|mux_3nc:auto_generated|_~27 ; |Decodificador_74LS138|lpm_mux:Mux7|mux_3nc:auto_generated|_~27 ; out0             ;
; |Decodificador_74LS138|lpm_mux:Mux7|mux_3nc:auto_generated|_~33 ; |Decodificador_74LS138|lpm_mux:Mux7|mux_3nc:auto_generated|_~33 ; out0             ;
; |Decodificador_74LS138|lpm_mux:Mux7|mux_3nc:auto_generated|_~35 ; |Decodificador_74LS138|lpm_mux:Mux7|mux_3nc:auto_generated|_~35 ; out0             ;
; |Decodificador_74LS138|lpm_mux:Mux7|mux_3nc:auto_generated|_~36 ; |Decodificador_74LS138|lpm_mux:Mux7|mux_3nc:auto_generated|_~36 ; out0             ;
; |Decodificador_74LS138|lpm_mux:Mux7|mux_3nc:auto_generated|_~40 ; |Decodificador_74LS138|lpm_mux:Mux7|mux_3nc:auto_generated|_~40 ; out0             ;
; |Decodificador_74LS138|lpm_mux:Mux6|mux_3nc:auto_generated|_~5  ; |Decodificador_74LS138|lpm_mux:Mux6|mux_3nc:auto_generated|_~5  ; out0             ;
; |Decodificador_74LS138|lpm_mux:Mux6|mux_3nc:auto_generated|_~14 ; |Decodificador_74LS138|lpm_mux:Mux6|mux_3nc:auto_generated|_~14 ; out0             ;
; |Decodificador_74LS138|lpm_mux:Mux6|mux_3nc:auto_generated|_~18 ; |Decodificador_74LS138|lpm_mux:Mux6|mux_3nc:auto_generated|_~18 ; out0             ;
; |Decodificador_74LS138|lpm_mux:Mux6|mux_3nc:auto_generated|_~22 ; |Decodificador_74LS138|lpm_mux:Mux6|mux_3nc:auto_generated|_~22 ; out0             ;
; |Decodificador_74LS138|lpm_mux:Mux6|mux_3nc:auto_generated|_~27 ; |Decodificador_74LS138|lpm_mux:Mux6|mux_3nc:auto_generated|_~27 ; out0             ;
; |Decodificador_74LS138|lpm_mux:Mux6|mux_3nc:auto_generated|_~31 ; |Decodificador_74LS138|lpm_mux:Mux6|mux_3nc:auto_generated|_~31 ; out0             ;
; |Decodificador_74LS138|lpm_mux:Mux6|mux_3nc:auto_generated|_~36 ; |Decodificador_74LS138|lpm_mux:Mux6|mux_3nc:auto_generated|_~36 ; out0             ;
; |Decodificador_74LS138|lpm_mux:Mux6|mux_3nc:auto_generated|_~40 ; |Decodificador_74LS138|lpm_mux:Mux6|mux_3nc:auto_generated|_~40 ; out0             ;
; |Decodificador_74LS138|lpm_mux:Mux5|mux_3nc:auto_generated|_~5  ; |Decodificador_74LS138|lpm_mux:Mux5|mux_3nc:auto_generated|_~5  ; out0             ;
; |Decodificador_74LS138|lpm_mux:Mux5|mux_3nc:auto_generated|_~14 ; |Decodificador_74LS138|lpm_mux:Mux5|mux_3nc:auto_generated|_~14 ; out0             ;
; |Decodificador_74LS138|lpm_mux:Mux5|mux_3nc:auto_generated|_~18 ; |Decodificador_74LS138|lpm_mux:Mux5|mux_3nc:auto_generated|_~18 ; out0             ;
; |Decodificador_74LS138|lpm_mux:Mux5|mux_3nc:auto_generated|_~40 ; |Decodificador_74LS138|lpm_mux:Mux5|mux_3nc:auto_generated|_~40 ; out0             ;
; |Decodificador_74LS138|lpm_mux:Mux4|mux_3nc:auto_generated|_~5  ; |Decodificador_74LS138|lpm_mux:Mux4|mux_3nc:auto_generated|_~5  ; out0             ;
; |Decodificador_74LS138|lpm_mux:Mux4|mux_3nc:auto_generated|_~14 ; |Decodificador_74LS138|lpm_mux:Mux4|mux_3nc:auto_generated|_~14 ; out0             ;
; |Decodificador_74LS138|lpm_mux:Mux4|mux_3nc:auto_generated|_~18 ; |Decodificador_74LS138|lpm_mux:Mux4|mux_3nc:auto_generated|_~18 ; out0             ;
; |Decodificador_74LS138|lpm_mux:Mux4|mux_3nc:auto_generated|_~27 ; |Decodificador_74LS138|lpm_mux:Mux4|mux_3nc:auto_generated|_~27 ; out0             ;
; |Decodificador_74LS138|lpm_mux:Mux4|mux_3nc:auto_generated|_~36 ; |Decodificador_74LS138|lpm_mux:Mux4|mux_3nc:auto_generated|_~36 ; out0             ;
; |Decodificador_74LS138|lpm_mux:Mux3|mux_3nc:auto_generated|_~2  ; |Decodificador_74LS138|lpm_mux:Mux3|mux_3nc:auto_generated|_~2  ; out0             ;
; |Decodificador_74LS138|lpm_mux:Mux3|mux_3nc:auto_generated|_~4  ; |Decodificador_74LS138|lpm_mux:Mux3|mux_3nc:auto_generated|_~4  ; out0             ;
; |Decodificador_74LS138|lpm_mux:Mux3|mux_3nc:auto_generated|_~5  ; |Decodificador_74LS138|lpm_mux:Mux3|mux_3nc:auto_generated|_~5  ; out0             ;
; |Decodificador_74LS138|lpm_mux:Mux3|mux_3nc:auto_generated|_~11 ; |Decodificador_74LS138|lpm_mux:Mux3|mux_3nc:auto_generated|_~11 ; out0             ;
; |Decodificador_74LS138|lpm_mux:Mux3|mux_3nc:auto_generated|_~13 ; |Decodificador_74LS138|lpm_mux:Mux3|mux_3nc:auto_generated|_~13 ; out0             ;
; |Decodificador_74LS138|lpm_mux:Mux3|mux_3nc:auto_generated|_~14 ; |Decodificador_74LS138|lpm_mux:Mux3|mux_3nc:auto_generated|_~14 ; out0             ;
; |Decodificador_74LS138|lpm_mux:Mux3|mux_3nc:auto_generated|_~18 ; |Decodificador_74LS138|lpm_mux:Mux3|mux_3nc:auto_generated|_~18 ; out0             ;
; |Decodificador_74LS138|lpm_mux:Mux3|mux_3nc:auto_generated|_~27 ; |Decodificador_74LS138|lpm_mux:Mux3|mux_3nc:auto_generated|_~27 ; out0             ;
; |Decodificador_74LS138|lpm_mux:Mux3|mux_3nc:auto_generated|_~36 ; |Decodificador_74LS138|lpm_mux:Mux3|mux_3nc:auto_generated|_~36 ; out0             ;
; |Decodificador_74LS138|lpm_mux:Mux3|mux_3nc:auto_generated|_~40 ; |Decodificador_74LS138|lpm_mux:Mux3|mux_3nc:auto_generated|_~40 ; out0             ;
; |Decodificador_74LS138|lpm_mux:Mux2|mux_3nc:auto_generated|_~0  ; |Decodificador_74LS138|lpm_mux:Mux2|mux_3nc:auto_generated|_~0  ; out0             ;
; |Decodificador_74LS138|lpm_mux:Mux2|mux_3nc:auto_generated|_~5  ; |Decodificador_74LS138|lpm_mux:Mux2|mux_3nc:auto_generated|_~5  ; out0             ;
; |Decodificador_74LS138|lpm_mux:Mux2|mux_3nc:auto_generated|_~9  ; |Decodificador_74LS138|lpm_mux:Mux2|mux_3nc:auto_generated|_~9  ; out0             ;
; |Decodificador_74LS138|lpm_mux:Mux2|mux_3nc:auto_generated|_~14 ; |Decodificador_74LS138|lpm_mux:Mux2|mux_3nc:auto_generated|_~14 ; out0             ;
; |Decodificador_74LS138|lpm_mux:Mux2|mux_3nc:auto_generated|_~18 ; |Decodificador_74LS138|lpm_mux:Mux2|mux_3nc:auto_generated|_~18 ; out0             ;
; |Decodificador_74LS138|lpm_mux:Mux2|mux_3nc:auto_generated|_~27 ; |Decodificador_74LS138|lpm_mux:Mux2|mux_3nc:auto_generated|_~27 ; out0             ;
; |Decodificador_74LS138|lpm_mux:Mux2|mux_3nc:auto_generated|_~36 ; |Decodificador_74LS138|lpm_mux:Mux2|mux_3nc:auto_generated|_~36 ; out0             ;
; |Decodificador_74LS138|lpm_mux:Mux2|mux_3nc:auto_generated|_~40 ; |Decodificador_74LS138|lpm_mux:Mux2|mux_3nc:auto_generated|_~40 ; out0             ;
; |Decodificador_74LS138|lpm_mux:Mux1|mux_3nc:auto_generated|_~18 ; |Decodificador_74LS138|lpm_mux:Mux1|mux_3nc:auto_generated|_~18 ; out0             ;
; |Decodificador_74LS138|lpm_mux:Mux1|mux_3nc:auto_generated|_~27 ; |Decodificador_74LS138|lpm_mux:Mux1|mux_3nc:auto_generated|_~27 ; out0             ;
; |Decodificador_74LS138|lpm_mux:Mux1|mux_3nc:auto_generated|_~36 ; |Decodificador_74LS138|lpm_mux:Mux1|mux_3nc:auto_generated|_~36 ; out0             ;
; |Decodificador_74LS138|lpm_mux:Mux1|mux_3nc:auto_generated|_~40 ; |Decodificador_74LS138|lpm_mux:Mux1|mux_3nc:auto_generated|_~40 ; out0             ;
; |Decodificador_74LS138|lpm_mux:Mux0|mux_3nc:auto_generated|_~5  ; |Decodificador_74LS138|lpm_mux:Mux0|mux_3nc:auto_generated|_~5  ; out0             ;
; |Decodificador_74LS138|lpm_mux:Mux0|mux_3nc:auto_generated|_~14 ; |Decodificador_74LS138|lpm_mux:Mux0|mux_3nc:auto_generated|_~14 ; out0             ;
; |Decodificador_74LS138|lpm_mux:Mux0|mux_3nc:auto_generated|_~27 ; |Decodificador_74LS138|lpm_mux:Mux0|mux_3nc:auto_generated|_~27 ; out0             ;
; |Decodificador_74LS138|lpm_mux:Mux0|mux_3nc:auto_generated|_~36 ; |Decodificador_74LS138|lpm_mux:Mux0|mux_3nc:auto_generated|_~36 ; out0             ;
; |Decodificador_74LS138|lpm_mux:Mux0|mux_3nc:auto_generated|_~40 ; |Decodificador_74LS138|lpm_mux:Mux0|mux_3nc:auto_generated|_~40 ; out0             ;
+-----------------------------------------------------------------+-----------------------------------------------------------------+------------------+


The following table displays output ports that do not toggle to 0 during simulation.
+------------------------------------------------------------------------------------------------------------------------------------------------------+
; Missing 0-Value Coverage                                                                                                                             ;
+-----------------------------------------------------------------+-----------------------------------------------------------------+------------------+
; Node Name                                                       ; Output Port Name                                                ; Output Port Type ;
+-----------------------------------------------------------------+-----------------------------------------------------------------+------------------+
; |Decodificador_74LS138|E[2]                                     ; |Decodificador_74LS138|E[2]                                     ; out              ;
; |Decodificador_74LS138|E[3]                                     ; |Decodificador_74LS138|E[3]                                     ; out              ;
; |Decodificador_74LS138|Equal0~0                                 ; |Decodificador_74LS138|Equal0~0                                 ; out0             ;
; |Decodificador_74LS138|lpm_mux:Mux7|mux_3nc:auto_generated|_~5  ; |Decodificador_74LS138|lpm_mux:Mux7|mux_3nc:auto_generated|_~5  ; out0             ;
; |Decodificador_74LS138|lpm_mux:Mux7|mux_3nc:auto_generated|_~14 ; |Decodificador_74LS138|lpm_mux:Mux7|mux_3nc:auto_generated|_~14 ; out0             ;
; |Decodificador_74LS138|lpm_mux:Mux7|mux_3nc:auto_generated|_~18 ; |Decodificador_74LS138|lpm_mux:Mux7|mux_3nc:auto_generated|_~18 ; out0             ;
; |Decodificador_74LS138|lpm_mux:Mux7|mux_3nc:auto_generated|_~24 ; |Decodificador_74LS138|lpm_mux:Mux7|mux_3nc:auto_generated|_~24 ; out0             ;
; |Decodificador_74LS138|lpm_mux:Mux7|mux_3nc:auto_generated|_~26 ; |Decodificador_74LS138|lpm_mux:Mux7|mux_3nc:auto_generated|_~26 ; out0             ;
; |Decodificador_74LS138|lpm_mux:Mux7|mux_3nc:auto_generated|_~27 ; |Decodificador_74LS138|lpm_mux:Mux7|mux_3nc:auto_generated|_~27 ; out0             ;
; |Decodificador_74LS138|lpm_mux:Mux7|mux_3nc:auto_generated|_~33 ; |Decodificador_74LS138|lpm_mux:Mux7|mux_3nc:auto_generated|_~33 ; out0             ;
; |Decodificador_74LS138|lpm_mux:Mux7|mux_3nc:auto_generated|_~35 ; |Decodificador_74LS138|lpm_mux:Mux7|mux_3nc:auto_generated|_~35 ; out0             ;
; |Decodificador_74LS138|lpm_mux:Mux7|mux_3nc:auto_generated|_~36 ; |Decodificador_74LS138|lpm_mux:Mux7|mux_3nc:auto_generated|_~36 ; out0             ;
; |Decodificador_74LS138|lpm_mux:Mux7|mux_3nc:auto_generated|_~40 ; |Decodificador_74LS138|lpm_mux:Mux7|mux_3nc:auto_generated|_~40 ; out0             ;
; |Decodificador_74LS138|lpm_mux:Mux6|mux_3nc:auto_generated|_~5  ; |Decodificador_74LS138|lpm_mux:Mux6|mux_3nc:auto_generated|_~5  ; out0             ;
; |Decodificador_74LS138|lpm_mux:Mux6|mux_3nc:auto_generated|_~14 ; |Decodificador_74LS138|lpm_mux:Mux6|mux_3nc:auto_generated|_~14 ; out0             ;
; |Decodificador_74LS138|lpm_mux:Mux6|mux_3nc:auto_generated|_~18 ; |Decodificador_74LS138|lpm_mux:Mux6|mux_3nc:auto_generated|_~18 ; out0             ;
; |Decodificador_74LS138|lpm_mux:Mux6|mux_3nc:auto_generated|_~22 ; |Decodificador_74LS138|lpm_mux:Mux6|mux_3nc:auto_generated|_~22 ; out0             ;
; |Decodificador_74LS138|lpm_mux:Mux6|mux_3nc:auto_generated|_~27 ; |Decodificador_74LS138|lpm_mux:Mux6|mux_3nc:auto_generated|_~27 ; out0             ;
; |Decodificador_74LS138|lpm_mux:Mux6|mux_3nc:auto_generated|_~31 ; |Decodificador_74LS138|lpm_mux:Mux6|mux_3nc:auto_generated|_~31 ; out0             ;
; |Decodificador_74LS138|lpm_mux:Mux6|mux_3nc:auto_generated|_~36 ; |Decodificador_74LS138|lpm_mux:Mux6|mux_3nc:auto_generated|_~36 ; out0             ;
; |Decodificador_74LS138|lpm_mux:Mux6|mux_3nc:auto_generated|_~40 ; |Decodificador_74LS138|lpm_mux:Mux6|mux_3nc:auto_generated|_~40 ; out0             ;
; |Decodificador_74LS138|lpm_mux:Mux5|mux_3nc:auto_generated|_~5  ; |Decodificador_74LS138|lpm_mux:Mux5|mux_3nc:auto_generated|_~5  ; out0             ;
; |Decodificador_74LS138|lpm_mux:Mux5|mux_3nc:auto_generated|_~14 ; |Decodificador_74LS138|lpm_mux:Mux5|mux_3nc:auto_generated|_~14 ; out0             ;
; |Decodificador_74LS138|lpm_mux:Mux5|mux_3nc:auto_generated|_~18 ; |Decodificador_74LS138|lpm_mux:Mux5|mux_3nc:auto_generated|_~18 ; out0             ;
; |Decodificador_74LS138|lpm_mux:Mux5|mux_3nc:auto_generated|_~40 ; |Decodificador_74LS138|lpm_mux:Mux5|mux_3nc:auto_generated|_~40 ; out0             ;
; |Decodificador_74LS138|lpm_mux:Mux4|mux_3nc:auto_generated|_~5  ; |Decodificador_74LS138|lpm_mux:Mux4|mux_3nc:auto_generated|_~5  ; out0             ;
; |Decodificador_74LS138|lpm_mux:Mux4|mux_3nc:auto_generated|_~14 ; |Decodificador_74LS138|lpm_mux:Mux4|mux_3nc:auto_generated|_~14 ; out0             ;
; |Decodificador_74LS138|lpm_mux:Mux4|mux_3nc:auto_generated|_~18 ; |Decodificador_74LS138|lpm_mux:Mux4|mux_3nc:auto_generated|_~18 ; out0             ;
; |Decodificador_74LS138|lpm_mux:Mux4|mux_3nc:auto_generated|_~27 ; |Decodificador_74LS138|lpm_mux:Mux4|mux_3nc:auto_generated|_~27 ; out0             ;
; |Decodificador_74LS138|lpm_mux:Mux4|mux_3nc:auto_generated|_~36 ; |Decodificador_74LS138|lpm_mux:Mux4|mux_3nc:auto_generated|_~36 ; out0             ;
; |Decodificador_74LS138|lpm_mux:Mux3|mux_3nc:auto_generated|_~2  ; |Decodificador_74LS138|lpm_mux:Mux3|mux_3nc:auto_generated|_~2  ; out0             ;
; |Decodificador_74LS138|lpm_mux:Mux3|mux_3nc:auto_generated|_~4  ; |Decodificador_74LS138|lpm_mux:Mux3|mux_3nc:auto_generated|_~4  ; out0             ;
; |Decodificador_74LS138|lpm_mux:Mux3|mux_3nc:auto_generated|_~5  ; |Decodificador_74LS138|lpm_mux:Mux3|mux_3nc:auto_generated|_~5  ; out0             ;
; |Decodificador_74LS138|lpm_mux:Mux3|mux_3nc:auto_generated|_~11 ; |Decodificador_74LS138|lpm_mux:Mux3|mux_3nc:auto_generated|_~11 ; out0             ;
; |Decodificador_74LS138|lpm_mux:Mux3|mux_3nc:auto_generated|_~13 ; |Decodificador_74LS138|lpm_mux:Mux3|mux_3nc:auto_generated|_~13 ; out0             ;
; |Decodificador_74LS138|lpm_mux:Mux3|mux_3nc:auto_generated|_~14 ; |Decodificador_74LS138|lpm_mux:Mux3|mux_3nc:auto_generated|_~14 ; out0             ;
; |Decodificador_74LS138|lpm_mux:Mux3|mux_3nc:auto_generated|_~18 ; |Decodificador_74LS138|lpm_mux:Mux3|mux_3nc:auto_generated|_~18 ; out0             ;
; |Decodificador_74LS138|lpm_mux:Mux3|mux_3nc:auto_generated|_~27 ; |Decodificador_74LS138|lpm_mux:Mux3|mux_3nc:auto_generated|_~27 ; out0             ;
; |Decodificador_74LS138|lpm_mux:Mux3|mux_3nc:auto_generated|_~36 ; |Decodificador_74LS138|lpm_mux:Mux3|mux_3nc:auto_generated|_~36 ; out0             ;
; |Decodificador_74LS138|lpm_mux:Mux3|mux_3nc:auto_generated|_~40 ; |Decodificador_74LS138|lpm_mux:Mux3|mux_3nc:auto_generated|_~40 ; out0             ;
; |Decodificador_74LS138|lpm_mux:Mux2|mux_3nc:auto_generated|_~0  ; |Decodificador_74LS138|lpm_mux:Mux2|mux_3nc:auto_generated|_~0  ; out0             ;
; |Decodificador_74LS138|lpm_mux:Mux2|mux_3nc:auto_generated|_~5  ; |Decodificador_74LS138|lpm_mux:Mux2|mux_3nc:auto_generated|_~5  ; out0             ;
; |Decodificador_74LS138|lpm_mux:Mux2|mux_3nc:auto_generated|_~9  ; |Decodificador_74LS138|lpm_mux:Mux2|mux_3nc:auto_generated|_~9  ; out0             ;
; |Decodificador_74LS138|lpm_mux:Mux2|mux_3nc:auto_generated|_~14 ; |Decodificador_74LS138|lpm_mux:Mux2|mux_3nc:auto_generated|_~14 ; out0             ;
; |Decodificador_74LS138|lpm_mux:Mux2|mux_3nc:auto_generated|_~18 ; |Decodificador_74LS138|lpm_mux:Mux2|mux_3nc:auto_generated|_~18 ; out0             ;
; |Decodificador_74LS138|lpm_mux:Mux2|mux_3nc:auto_generated|_~27 ; |Decodificador_74LS138|lpm_mux:Mux2|mux_3nc:auto_generated|_~27 ; out0             ;
; |Decodificador_74LS138|lpm_mux:Mux2|mux_3nc:auto_generated|_~36 ; |Decodificador_74LS138|lpm_mux:Mux2|mux_3nc:auto_generated|_~36 ; out0             ;
; |Decodificador_74LS138|lpm_mux:Mux2|mux_3nc:auto_generated|_~40 ; |Decodificador_74LS138|lpm_mux:Mux2|mux_3nc:auto_generated|_~40 ; out0             ;
; |Decodificador_74LS138|lpm_mux:Mux1|mux_3nc:auto_generated|_~18 ; |Decodificador_74LS138|lpm_mux:Mux1|mux_3nc:auto_generated|_~18 ; out0             ;
; |Decodificador_74LS138|lpm_mux:Mux1|mux_3nc:auto_generated|_~27 ; |Decodificador_74LS138|lpm_mux:Mux1|mux_3nc:auto_generated|_~27 ; out0             ;
; |Decodificador_74LS138|lpm_mux:Mux1|mux_3nc:auto_generated|_~36 ; |Decodificador_74LS138|lpm_mux:Mux1|mux_3nc:auto_generated|_~36 ; out0             ;
; |Decodificador_74LS138|lpm_mux:Mux1|mux_3nc:auto_generated|_~40 ; |Decodificador_74LS138|lpm_mux:Mux1|mux_3nc:auto_generated|_~40 ; out0             ;
; |Decodificador_74LS138|lpm_mux:Mux0|mux_3nc:auto_generated|_~5  ; |Decodificador_74LS138|lpm_mux:Mux0|mux_3nc:auto_generated|_~5  ; out0             ;
; |Decodificador_74LS138|lpm_mux:Mux0|mux_3nc:auto_generated|_~14 ; |Decodificador_74LS138|lpm_mux:Mux0|mux_3nc:auto_generated|_~14 ; out0             ;
; |Decodificador_74LS138|lpm_mux:Mux0|mux_3nc:auto_generated|_~27 ; |Decodificador_74LS138|lpm_mux:Mux0|mux_3nc:auto_generated|_~27 ; out0             ;
; |Decodificador_74LS138|lpm_mux:Mux0|mux_3nc:auto_generated|_~36 ; |Decodificador_74LS138|lpm_mux:Mux0|mux_3nc:auto_generated|_~36 ; out0             ;
; |Decodificador_74LS138|lpm_mux:Mux0|mux_3nc:auto_generated|_~40 ; |Decodificador_74LS138|lpm_mux:Mux0|mux_3nc:auto_generated|_~40 ; out0             ;
+-----------------------------------------------------------------+-----------------------------------------------------------------+------------------+


+---------------------+
; Simulator INI Usage ;
+--------+------------+
; Option ; Usage      ;
+--------+------------+


+--------------------+
; Simulator Messages ;
+--------------------+
Info: *******************************************************************
Info: Running Quartus II Simulator
    Info: Version 9.1 Build 350 03/24/2010 Service Pack 2 SJ Web Edition
    Info: Processing started: Wed Dec 10 21:26:32 2025
Info: Command: quartus_sim --read_settings_files=on --write_settings_files=off Decodificador_74LS138 -c Decodificador_74LS138
Info: Using vector source file "C:/GitHub/VHDLStudy/Decodificador_74LS138/Decodificador_74LS138.vwf"
Info: Overwriting simulation input file with simulation results
    Info: A backup of Decodificador_74LS138.vwf called Decodificador_74LS138.sim_ori.vwf has been created in the db folder
Info: Option to preserve fewer signal transitions to reduce memory requirements is enabled
    Info: Simulation has been partitioned into sub-simulations according to the maximum transition count determined by the engine. Transitions from memory will be flushed out to disk at the end of each sub-simulation to reduce memory requirements.
Info: Simulation partitioned into 1 sub-simulations
Info: Simulation coverage is      85.42 %
Info: Number of transitions in simulation is 2648
Info: Vector file Decodificador_74LS138.vwf is saved in VWF text format. You can compress it into CVWF format in order to reduce file size. For more details please refer to the Quartus II Help.
Info: Quartus II Simulator was successful. 0 errors, 0 warnings
    Info: Peak virtual memory: 146 megabytes
    Info: Processing ended: Wed Dec 10 21:26:32 2025
    Info: Elapsed time: 00:00:00
    Info: Total CPU time (on all processors): 00:00:00


